2025-03-12 10:32:51,147 INFO o.s.b.StartupInfoLogger {logStarting} [main] Starting ApieventsApplication using Java 23.0.2 with PID 1767 (/Users/lauraindia/Desktop/DAM/AccesoDatos/apievents/target/classes started by lauraindia in /Users/lauraindia/Desktop/DAM/AccesoDatos/apievents)
2025-03-12 10:32:51,149 INFO o.s.b.SpringApplication {logStartupProfileInfo} [main] No active profile set, falling back to 1 default profile: "default"
2025-03-12 10:32:51,750 INFO o.s.d.r.c.RepositoryConfigurationDelegate {registerRepositoriesIn} [main] Bootstrapping Spring Data JPA repositories in DEFAULT mode.
2025-03-12 10:32:51,828 INFO o.s.d.r.c.RepositoryConfigurationDelegate {registerRepositoriesIn} [main] Finished Spring Data repository scanning in 57 ms. Found 5 JPA repository interfaces.
2025-03-12 10:32:52,339 INFO o.s.b.w.e.t.TomcatWebServer {initialize} [main] Tomcat initialized with port 8080 (http)
2025-03-12 10:32:52,356 INFO o.a.j.l.DirectJDKLog {log} [main] Initializing ProtocolHandler ["http-nio-8080"]
2025-03-12 10:32:52,360 INFO o.a.j.l.DirectJDKLog {log} [main] Starting service [Tomcat]
2025-03-12 10:32:52,361 INFO o.a.j.l.DirectJDKLog {log} [main] Starting Servlet engine: [Apache Tomcat/10.1.33]
2025-03-12 10:32:52,443 INFO o.a.j.l.DirectJDKLog {log} [main] Initializing Spring embedded WebApplicationContext
2025-03-12 10:32:52,445 INFO o.s.b.w.s.c.ServletWebServerApplicationContext {prepareWebApplicationContext} [main] Root WebApplicationContext: initialization completed in 1243 ms
2025-03-12 10:32:52,477 INFO c.z.h.HikariDataSource {getConnection} [main] HikariPool-1 - Starting...
2025-03-12 10:32:52,738 INFO c.z.h.p.HikariPool {checkFailFast} [main] HikariPool-1 - Added connection conn0: url=jdbc:h2:file:~/users.db user=SA
2025-03-12 10:32:52,740 INFO c.z.h.HikariDataSource {getConnection} [main] HikariPool-1 - Start completed.
2025-03-12 10:32:52,753 INFO o.s.b.a.h.H2ConsoleAutoConfiguration {logDataSources} [main] H2 console available at '/h2-console'. Database available at 'jdbc:h2:file:~/users.db'
2025-03-12 10:32:52,880 INFO o.h.j.i.u.LogHelper {logPersistenceUnitInformation} [main] HHH000204: Processing PersistenceUnitInfo [name: default]
2025-03-12 10:32:52,942 INFO o.h.Version {logVersion} [main] HHH000412: Hibernate ORM core version 6.6.2.Final
2025-03-12 10:32:52,984 INFO o.h.c.i.RegionFactoryInitiator {initiateService} [main] HHH000026: Second-level cache disabled
2025-03-12 10:32:53,286 INFO o.s.o.j.p.SpringPersistenceUnitInfo {addTransformer} [main] No LoadTimeWeaver setup: ignoring JPA class transformer
2025-03-12 10:32:53,340 WARN o.h.e.j.d.i.DialectFactoryImpl {constructDialect} [main] HHH90000025: H2Dialect does not need to be specified explicitly using 'hibernate.dialect' (remove the property setting and it will be selected by default)
2025-03-12 10:32:53,357 INFO o.h.e.j.e.i.JdbcEnvironmentInitiator {initiateService} [main] HHH10001005: Database info:
	Database JDBC URL [Connecting through datasource 'HikariDataSource (HikariPool-1)']
	Database driver: undefined/unknown
	Database version: 2.3.232
	Autocommit mode: undefined/unknown
	Isolation level: undefined/unknown
	Minimum pool size: undefined/unknown
	Maximum pool size: undefined/unknown
2025-03-12 10:32:54,288 INFO o.h.e.t.j.p.i.JtaPlatformInitiator {initiateService} [main] HHH000489: No JTA platform available (set 'hibernate.transaction.jta.platform' to enable JTA platform integration)
2025-03-12 10:32:54,349 INFO o.s.o.j.AbstractEntityManagerFactoryBean {buildNativeEntityManagerFactory} [main] Initialized JPA EntityManagerFactory for persistence unit 'default'
2025-03-12 10:32:54,768 WARN o.s.b.a.o.j.JpaBaseConfiguration$JpaWebConfiguration {openEntityManagerInViewInterceptor} [main] spring.jpa.open-in-view is enabled by default. Therefore, database queries may be performed during view rendering. Explicitly configure spring.jpa.open-in-view to disable this warning
2025-03-12 10:32:55,097 INFO o.a.j.l.DirectJDKLog {log} [main] Starting ProtocolHandler ["http-nio-8080"]
2025-03-12 10:32:55,137 INFO o.s.b.w.e.t.TomcatWebServer {start} [main] Tomcat started on port 8080 (http) with context path '/'
2025-03-12 10:32:55,145 INFO o.s.b.StartupInfoLogger {logStarted} [main] Started ApieventsApplication in 4.618 seconds (process running for 4.997)
2025-03-12 10:35:09,997 INFO o.a.j.l.DirectJDKLog {log} [http-nio-8080-exec-2] Initializing Spring DispatcherServlet 'dispatcherServlet'
2025-03-12 10:35:10,000 INFO o.s.w.s.FrameworkServlet {initServletBean} [http-nio-8080-exec-2] Initializing Servlet 'dispatcherServlet'
2025-03-12 10:35:10,010 INFO o.s.w.s.FrameworkServlet {initServletBean} [http-nio-8080-exec-2] Completed initialization in 10 ms
2025-03-12 10:35:10,084 INFO c.s.a.c.EventController {getAllEvents} [http-nio-8080-exec-2] BEGIN getAllEvents
2025-03-12 10:35:10,084 INFO c.s.a.c.EventController {getAllEvents} [http-nio-8080-exec-1] BEGIN getAllEvents
2025-03-12 10:35:10,341 INFO c.s.a.c.EventController {getAllEvents} [http-nio-8080-exec-2] END getAllEvents - Total events fetched: 12
2025-03-12 10:35:10,340 INFO c.s.a.c.EventController {getAllEvents} [http-nio-8080-exec-1] END getAllEvents - Total events fetched: 12
2025-03-12 10:35:19,659 INFO c.s.a.c.EventController {getAllEvents} [http-nio-8080-exec-3] BEGIN getAllEvents
2025-03-12 10:35:19,667 INFO c.s.a.c.EventController {getAllEvents} [http-nio-8080-exec-3] END getAllEvents - Total events fetched: 12
2025-03-12 10:35:31,136 INFO c.s.a.c.EventController {getAllEvents} [http-nio-8080-exec-4] BEGIN getAllEvents
2025-03-12 10:35:31,146 INFO c.s.a.c.EventController {getAllEvents} [http-nio-8080-exec-4] END getAllEvents - Total events fetched: 12
2025-03-12 10:35:37,099 INFO c.s.a.c.EventController {getAllEvents} [http-nio-8080-exec-5] BEGIN getAllEvents
2025-03-12 10:35:37,106 INFO c.s.a.c.EventController {getAllEvents} [http-nio-8080-exec-5] END getAllEvents - Total events fetched: 12
2025-03-12 10:35:42,058 INFO c.s.a.c.EventController {getAllEvents} [http-nio-8080-exec-6] BEGIN getAllEvents
2025-03-12 10:35:42,064 INFO c.s.a.c.EventController {getAllEvents} [http-nio-8080-exec-6] END getAllEvents - Total events fetched: 12
2025-03-12 10:37:14,023 INFO c.s.a.c.EventController {addEvent} [http-nio-8080-exec-3] BEGIN addEvent - Adding new event: Concierto Amaral
2025-03-12 10:37:14,182 INFO c.s.a.c.EventController {addEvent} [http-nio-8080-exec-3] END addEvent - Event added with ID: 4
2025-03-12 10:37:21,243 INFO c.s.a.c.EventController {getAllEvents} [http-nio-8080-exec-4] BEGIN getAllEvents
2025-03-12 10:37:21,255 INFO c.s.a.c.EventController {getAllEvents} [http-nio-8080-exec-4] END getAllEvents - Total events fetched: 12
2025-03-12 10:37:28,881 INFO c.s.a.c.EventController {getAllEvents} [http-nio-8080-exec-5] BEGIN getAllEvents
2025-03-12 10:37:28,887 INFO c.s.a.c.EventController {getAllEvents} [http-nio-8080-exec-5] END getAllEvents - Total events fetched: 12
2025-03-12 10:44:20,501 INFO c.s.a.c.EventController {getAllEvents} [http-nio-8080-exec-10] BEGIN getAllEvents
2025-03-12 10:44:20,501 INFO c.s.a.c.EventController {getAllEvents} [http-nio-8080-exec-9] BEGIN getAllEvents
2025-03-12 10:44:20,570 INFO c.s.a.c.EventController {getAllEvents} [http-nio-8080-exec-10] END getAllEvents - Total events fetched: 12
2025-03-12 10:44:20,570 INFO c.s.a.c.EventController {getAllEvents} [http-nio-8080-exec-9] END getAllEvents - Total events fetched: 12
2025-03-12 10:44:34,356 INFO c.s.a.c.EventController {getAllEvents} [http-nio-8080-exec-2] BEGIN getAllEvents
2025-03-12 10:44:34,407 INFO c.s.a.c.EventController {getAllEvents} [http-nio-8080-exec-2] END getAllEvents - Total events fetched: 12
2025-03-12 10:44:45,884 INFO c.s.a.c.EventController {getAllEvents} [http-nio-8080-exec-1] BEGIN getAllEvents
2025-03-12 10:44:45,892 INFO c.s.a.c.EventController {getAllEvents} [http-nio-8080-exec-1] END getAllEvents - Total events fetched: 12
2025-03-12 10:45:29,702 INFO c.s.a.c.EventController {getAllEvents} [http-nio-8080-exec-8] BEGIN getAllEvents
2025-03-12 10:45:29,705 INFO c.s.a.c.EventController {getAllEvents} [http-nio-8080-exec-7] BEGIN getAllEvents
2025-03-12 10:45:29,751 INFO c.s.a.c.EventController {getAllEvents} [http-nio-8080-exec-7] END getAllEvents - Total events fetched: 12
2025-03-12 10:45:29,751 INFO c.s.a.c.EventController {getAllEvents} [http-nio-8080-exec-8] END getAllEvents - Total events fetched: 12
2025-03-12 10:45:40,792 INFO c.s.a.c.EventController {getAllEvents} [http-nio-8080-exec-10] BEGIN getAllEvents
2025-03-12 10:45:40,801 INFO c.s.a.c.EventController {getAllEvents} [http-nio-8080-exec-10] END getAllEvents - Total events fetched: 12
2025-03-12 10:45:45,410 INFO c.s.a.c.EventController {getAllEvents} [http-nio-8080-exec-9] BEGIN getAllEvents
2025-03-12 10:45:45,423 INFO c.s.a.c.EventController {getAllEvents} [http-nio-8080-exec-9] END getAllEvents - Total events fetched: 12
2025-03-12 10:45:50,709 INFO c.s.a.c.EventController {getAllEvents} [http-nio-8080-exec-2] BEGIN getAllEvents
2025-03-12 10:45:50,717 INFO c.s.a.c.EventController {getAllEvents} [http-nio-8080-exec-2] END getAllEvents - Total events fetched: 12
2025-03-12 10:46:12,202 INFO c.s.a.c.EventController {getAllEvents} [http-nio-8080-exec-1] BEGIN getAllEvents
2025-03-12 10:46:12,209 INFO c.s.a.c.EventController {getAllEvents} [http-nio-8080-exec-1] END getAllEvents - Total events fetched: 12
2025-03-12 11:03:35,363 INFO c.s.a.c.EventController {getAllEvents} [http-nio-8080-exec-10] BEGIN getAllEvents
2025-03-12 11:03:35,363 INFO c.s.a.c.EventController {getAllEvents} [http-nio-8080-exec-9] BEGIN getAllEvents
2025-03-12 11:03:35,569 INFO c.s.a.c.EventController {getAllEvents} [http-nio-8080-exec-9] END getAllEvents - Total events fetched: 12
2025-03-12 11:03:35,568 INFO c.s.a.c.EventController {getAllEvents} [http-nio-8080-exec-10] END getAllEvents - Total events fetched: 12
2025-03-12 11:03:59,550 INFO c.s.a.c.EventController {getAllEvents} [http-nio-8080-exec-2] BEGIN getAllEvents
2025-03-12 11:03:59,697 INFO c.s.a.c.EventController {getAllEvents} [http-nio-8080-exec-2] END getAllEvents - Total events fetched: 12
2025-03-12 11:04:12,699 INFO c.s.a.c.EventController {getAllEvents} [http-nio-8080-exec-1] BEGIN getAllEvents
2025-03-12 11:04:12,720 INFO c.s.a.c.EventController {getAllEvents} [http-nio-8080-exec-1] END getAllEvents - Total events fetched: 12
2025-03-12 11:04:22,174 INFO c.s.a.c.EventController {getAllEvents} [http-nio-8080-exec-6] BEGIN getAllEvents
2025-03-12 11:04:22,188 INFO c.s.a.c.EventController {getAllEvents} [http-nio-8080-exec-6] END getAllEvents - Total events fetched: 12
2025-03-12 11:04:22,202 INFO c.s.a.c.EventController {getAllEvents} [http-nio-8080-exec-8] BEGIN getAllEvents
2025-03-12 11:04:22,220 INFO c.s.a.c.EventController {getAllEvents} [http-nio-8080-exec-8] END getAllEvents - Total events fetched: 12
2025-03-12 11:05:15,628 INFO c.s.a.c.EventController {getAllEvents} [http-nio-8080-exec-1] BEGIN getAllEvents
2025-03-12 11:05:15,628 INFO c.s.a.c.EventController {getAllEvents} [http-nio-8080-exec-2] BEGIN getAllEvents
2025-03-12 11:05:15,802 INFO c.s.a.c.EventController {getAllEvents} [http-nio-8080-exec-2] END getAllEvents - Total events fetched: 12
2025-03-12 11:05:15,803 INFO c.s.a.c.EventController {getAllEvents} [http-nio-8080-exec-1] END getAllEvents - Total events fetched: 12
2025-03-12 11:07:52,868 INFO c.s.a.c.EventController {addEvent} [http-nio-8080-exec-5] BEGIN addEvent - Adding new event: Fiestas Pilar 2025
2025-03-12 11:07:53,047 INFO c.s.a.c.EventController {addEvent} [http-nio-8080-exec-5] END addEvent - Event added with ID: 3
2025-03-12 11:07:56,459 INFO c.s.a.c.EventController {getAllEvents} [http-nio-8080-exec-7] BEGIN getAllEvents
2025-03-12 11:07:56,476 INFO c.s.a.c.EventController {getAllEvents} [http-nio-8080-exec-7] END getAllEvents - Total events fetched: 12
2025-03-12 11:19:47,577 INFO c.s.a.c.EventController {getAllEvents} [http-nio-8080-exec-10] BEGIN getAllEvents
2025-03-12 11:19:47,577 INFO c.s.a.c.EventController {getAllEvents} [http-nio-8080-exec-9] BEGIN getAllEvents
2025-03-12 11:19:47,667 INFO c.s.a.c.EventController {getAllEvents} [http-nio-8080-exec-9] END getAllEvents - Total events fetched: 12
2025-03-12 11:19:47,667 INFO c.s.a.c.EventController {getAllEvents} [http-nio-8080-exec-10] END getAllEvents - Total events fetched: 12
2025-03-12 11:20:02,636 INFO c.s.a.c.EventController {getAllEvents} [http-nio-8080-exec-4] BEGIN getAllEvents
2025-03-12 11:20:02,646 INFO c.s.a.c.EventController {getAllEvents} [http-nio-8080-exec-4] END getAllEvents - Total events fetched: 12
2025-03-12 11:20:02,697 INFO c.s.a.c.EventController {getAllEvents} [http-nio-8080-exec-3] BEGIN getAllEvents
2025-03-12 11:20:02,709 INFO c.s.a.c.EventController {getAllEvents} [http-nio-8080-exec-3] END getAllEvents - Total events fetched: 12
2025-03-12 11:20:54,766 INFO c.s.a.c.EventController {addEvent} [http-nio-8080-exec-5] BEGIN addEvent - Adding new event: Cincomarzada
2025-03-12 11:20:54,848 INFO c.s.a.c.EventController {addEvent} [http-nio-8080-exec-5] END addEvent - Event added with ID: 3
2025-03-12 11:20:57,264 INFO c.s.a.c.EventController {getAllEvents} [http-nio-8080-exec-7] BEGIN getAllEvents
2025-03-12 11:20:57,294 INFO c.s.a.c.EventController {getAllEvents} [http-nio-8080-exec-7] END getAllEvents - Total events fetched: 12
2025-03-12 11:21:06,058 INFO c.s.a.c.EventController {getAllEvents} [http-nio-8080-exec-10] BEGIN getAllEvents
2025-03-12 11:21:06,066 INFO c.s.a.c.EventController {getAllEvents} [http-nio-8080-exec-10] END getAllEvents - Total events fetched: 12
2025-03-12 11:21:41,291 INFO c.s.a.c.EventController {getAllEvents} [http-nio-8080-exec-9] BEGIN getAllEvents
2025-03-12 11:21:41,335 INFO c.s.a.c.EventController {getAllEvents} [http-nio-8080-exec-9] END getAllEvents - Total events fetched: 12
2025-03-12 11:21:48,406 INFO c.s.a.c.EventController {getAllEvents} [http-nio-8080-exec-1] BEGIN getAllEvents
2025-03-12 11:21:48,416 INFO c.s.a.c.EventController {getAllEvents} [http-nio-8080-exec-1] END getAllEvents - Total events fetched: 12
2025-03-12 11:32:46,957 INFO o.s.b.w.e.t.GracefulShutdown {shutDownGracefully} [SpringApplicationShutdownHook] Commencing graceful shutdown. Waiting for active requests to complete
2025-03-12 11:32:47,189 INFO o.s.b.w.e.t.GracefulShutdown {doShutdown} [tomcat-shutdown] Graceful shutdown complete
2025-03-12 11:32:47,225 INFO o.s.o.j.AbstractEntityManagerFactoryBean {destroy} [SpringApplicationShutdownHook] Closing JPA EntityManagerFactory for persistence unit 'default'
2025-03-12 11:32:47,275 INFO c.z.h.HikariDataSource {close} [SpringApplicationShutdownHook] HikariPool-1 - Shutdown initiated...
2025-03-12 11:32:47,297 INFO c.z.h.HikariDataSource {close} [SpringApplicationShutdownHook] HikariPool-1 - Shutdown completed.
2025-03-12 12:03:01,258 INFO o.s.b.StartupInfoLogger {logStarting} [main] Starting ApieventsApplication using Java 23.0.2 with PID 2899 (/Users/lauraindia/Desktop/DAM/AccesoDatos/apievents/target/classes started by lauraindia in /Users/lauraindia/Desktop/DAM/AccesoDatos/apievents)
2025-03-12 12:03:01,260 INFO o.s.b.SpringApplication {logStartupProfileInfo} [main] No active profile set, falling back to 1 default profile: "default"
2025-03-12 12:03:02,291 INFO o.s.d.r.c.RepositoryConfigurationDelegate {registerRepositoriesIn} [main] Bootstrapping Spring Data JPA repositories in DEFAULT mode.
2025-03-12 12:03:02,460 INFO o.s.d.r.c.RepositoryConfigurationDelegate {registerRepositoriesIn} [main] Finished Spring Data repository scanning in 127 ms. Found 5 JPA repository interfaces.
2025-03-12 12:03:03,309 INFO o.s.b.w.e.t.TomcatWebServer {initialize} [main] Tomcat initialized with port 8080 (http)
2025-03-12 12:03:03,333 INFO o.a.j.l.DirectJDKLog {log} [main] Initializing ProtocolHandler ["http-nio-8080"]
2025-03-12 12:03:03,340 INFO o.a.j.l.DirectJDKLog {log} [main] Starting service [Tomcat]
2025-03-12 12:03:03,341 INFO o.a.j.l.DirectJDKLog {log} [main] Starting Servlet engine: [Apache Tomcat/10.1.33]
2025-03-12 12:03:03,509 INFO o.a.j.l.DirectJDKLog {log} [main] Initializing Spring embedded WebApplicationContext
2025-03-12 12:03:03,511 INFO o.s.b.w.s.c.ServletWebServerApplicationContext {prepareWebApplicationContext} [main] Root WebApplicationContext: initialization completed in 2159 ms
2025-03-12 12:03:03,576 INFO c.z.h.HikariDataSource {getConnection} [main] HikariPool-1 - Starting...
2025-03-12 12:03:03,960 INFO c.z.h.p.HikariPool {checkFailFast} [main] HikariPool-1 - Added connection conn0: url=jdbc:h2:file:~/users.db user=SA
2025-03-12 12:03:03,962 INFO c.z.h.HikariDataSource {getConnection} [main] HikariPool-1 - Start completed.
2025-03-12 12:03:03,977 INFO o.s.b.a.h.H2ConsoleAutoConfiguration {logDataSources} [main] H2 console available at '/h2-console'. Database available at 'jdbc:h2:file:~/users.db'
2025-03-12 12:03:04,144 INFO o.h.j.i.u.LogHelper {logPersistenceUnitInformation} [main] HHH000204: Processing PersistenceUnitInfo [name: default]
2025-03-12 12:03:04,257 INFO o.h.Version {logVersion} [main] HHH000412: Hibernate ORM core version 6.6.2.Final
2025-03-12 12:03:04,375 INFO o.h.c.i.RegionFactoryInitiator {initiateService} [main] HHH000026: Second-level cache disabled
2025-03-12 12:03:04,782 INFO o.s.o.j.p.SpringPersistenceUnitInfo {addTransformer} [main] No LoadTimeWeaver setup: ignoring JPA class transformer
2025-03-12 12:03:04,856 WARN o.h.e.j.d.i.DialectFactoryImpl {constructDialect} [main] HHH90000025: H2Dialect does not need to be specified explicitly using 'hibernate.dialect' (remove the property setting and it will be selected by default)
2025-03-12 12:03:04,891 INFO o.h.e.j.e.i.JdbcEnvironmentInitiator {initiateService} [main] HHH10001005: Database info:
	Database JDBC URL [Connecting through datasource 'HikariDataSource (HikariPool-1)']
	Database driver: undefined/unknown
	Database version: 2.3.232
	Autocommit mode: undefined/unknown
	Isolation level: undefined/unknown
	Minimum pool size: undefined/unknown
	Maximum pool size: undefined/unknown
2025-03-12 12:03:06,167 INFO o.h.e.t.j.p.i.JtaPlatformInitiator {initiateService} [main] HHH000489: No JTA platform available (set 'hibernate.transaction.jta.platform' to enable JTA platform integration)
2025-03-12 12:03:06,241 INFO o.s.o.j.AbstractEntityManagerFactoryBean {buildNativeEntityManagerFactory} [main] Initialized JPA EntityManagerFactory for persistence unit 'default'
2025-03-12 12:03:06,846 WARN o.s.b.a.o.j.JpaBaseConfiguration$JpaWebConfiguration {openEntityManagerInViewInterceptor} [main] spring.jpa.open-in-view is enabled by default. Therefore, database queries may be performed during view rendering. Explicitly configure spring.jpa.open-in-view to disable this warning
2025-03-12 12:03:07,239 INFO o.a.j.l.DirectJDKLog {log} [main] Starting ProtocolHandler ["http-nio-8080"]
2025-03-12 12:03:07,294 INFO o.s.b.w.e.t.TomcatWebServer {start} [main] Tomcat started on port 8080 (http) with context path '/'
2025-03-12 12:03:07,306 INFO o.s.b.StartupInfoLogger {logStarted} [main] Started ApieventsApplication in 7.198 seconds (process running for 7.967)
2025-03-12 12:07:15,293 INFO o.a.j.l.DirectJDKLog {log} [http-nio-8080-exec-2] Initializing Spring DispatcherServlet 'dispatcherServlet'
2025-03-12 12:07:15,297 INFO o.s.w.s.FrameworkServlet {initServletBean} [http-nio-8080-exec-2] Initializing Servlet 'dispatcherServlet'
2025-03-12 12:07:15,312 INFO o.s.w.s.FrameworkServlet {initServletBean} [http-nio-8080-exec-2] Completed initialization in 15 ms
2025-03-12 12:07:15,392 INFO c.s.a.c.EventController {getAllEvents} [http-nio-8080-exec-2] BEGIN getAllEvents
2025-03-12 12:07:15,392 INFO c.s.a.c.EventController {getAllEvents} [http-nio-8080-exec-1] BEGIN getAllEvents
2025-03-12 12:07:15,757 INFO c.s.a.c.EventController {getAllEvents} [http-nio-8080-exec-1] END getAllEvents - Total events fetched: 12
2025-03-12 12:07:15,757 INFO c.s.a.c.EventController {getAllEvents} [http-nio-8080-exec-2] END getAllEvents - Total events fetched: 12
2025-03-12 12:07:33,913 INFO c.s.a.c.EventController {getAllEvents} [http-nio-8080-exec-3] BEGIN getAllEvents
2025-03-12 12:07:33,960 INFO c.s.a.c.EventController {getAllEvents} [http-nio-8080-exec-3] END getAllEvents - Total events fetched: 12
2025-03-12 12:07:46,891 INFO c.s.a.c.EventController {getAllEvents} [http-nio-8080-exec-4] BEGIN getAllEvents
2025-03-12 12:07:46,899 INFO c.s.a.c.EventController {getAllEvents} [http-nio-8080-exec-4] END getAllEvents - Total events fetched: 12
2025-03-12 12:08:06,617 INFO c.s.a.c.EventController {getAllEvents} [http-nio-8080-exec-5] BEGIN getAllEvents
2025-03-12 12:08:06,626 INFO c.s.a.c.EventController {getAllEvents} [http-nio-8080-exec-5] END getAllEvents - Total events fetched: 12
2025-03-12 12:08:16,551 INFO c.s.a.c.EventController {deleteEvent} [http-nio-8080-exec-6] BEGIN deleteEvent - Deleting event with ID: 16
2025-03-12 12:08:17,359 INFO c.s.a.c.EventController {deleteEvent} [http-nio-8080-exec-6] END deleteEvent - Event deleted with ID: 16
2025-03-12 12:08:17,531 INFO c.s.a.c.EventController {getAllEvents} [http-nio-8080-exec-9] BEGIN getAllEvents
2025-03-12 12:08:17,540 INFO c.s.a.c.EventController {getAllEvents} [http-nio-8080-exec-9] END getAllEvents - Total events fetched: 11
2025-03-12 12:09:22,747 INFO c.s.a.c.EventController {deleteEvent} [http-nio-8080-exec-5] BEGIN deleteEvent - Deleting event with ID: 14
2025-03-12 12:09:22,840 INFO c.s.a.c.EventController {deleteEvent} [http-nio-8080-exec-5] END deleteEvent - Event deleted with ID: 14
2025-03-12 12:09:22,931 INFO c.s.a.c.EventController {getAllEvents} [http-nio-8080-exec-6] BEGIN getAllEvents
2025-03-12 12:09:22,948 INFO c.s.a.c.EventController {getAllEvents} [http-nio-8080-exec-6] END getAllEvents - Total events fetched: 10
2025-03-12 12:09:43,440 INFO c.s.a.c.EventController {updateEvent} [http-nio-8080-exec-7] BEGIN updateEvent - Updating event with ID: 3
2025-03-12 12:09:43,498 ERROR c.s.a.c.EventController {updateEvent} [http-nio-8080-exec-7] Error in updateEvent - Event not found with ID: 3
org.springframework.dao.DataIntegrityViolationException: not-null property references a null or transient value: com.svalero.apievents.domain.Event.eventDate
	at org.springframework.orm.jpa.vendor.HibernateJpaDialect.convertHibernateAccessException(HibernateJpaDialect.java:307)
	at org.springframework.orm.jpa.vendor.HibernateJpaDialect.translateExceptionIfPossible(HibernateJpaDialect.java:241)
	at org.springframework.orm.jpa.JpaTransactionManager.doCommit(JpaTransactionManager.java:566)
	at org.springframework.transaction.support.AbstractPlatformTransactionManager.processCommit(AbstractPlatformTransactionManager.java:795)
	at org.springframework.transaction.support.AbstractPlatformTransactionManager.commit(AbstractPlatformTransactionManager.java:758)
	at org.springframework.transaction.interceptor.TransactionAspectSupport.commitTransactionAfterReturning(TransactionAspectSupport.java:698)
	at org.springframework.transaction.interceptor.TransactionAspectSupport.invokeWithinTransaction(TransactionAspectSupport.java:416)
	at org.springframework.transaction.interceptor.TransactionInterceptor.invoke(TransactionInterceptor.java:119)
	at org.springframework.aop.framework.ReflectiveMethodInvocation.proceed(ReflectiveMethodInvocation.java:184)
	at org.springframework.dao.support.PersistenceExceptionTranslationInterceptor.invoke(PersistenceExceptionTranslationInterceptor.java:138)
	at org.springframework.aop.framework.ReflectiveMethodInvocation.proceed(ReflectiveMethodInvocation.java:184)
	at org.springframework.data.jpa.repository.support.CrudMethodMetadataPostProcessor$CrudMethodMetadataPopulatingMethodInterceptor.invoke(CrudMethodMetadataPostProcessor.java:165)
	at org.springframework.aop.framework.ReflectiveMethodInvocation.proceed(ReflectiveMethodInvocation.java:184)
	at org.springframework.aop.framework.JdkDynamicAopProxy.invoke(JdkDynamicAopProxy.java:223)
	at jdk.proxy2/jdk.proxy2.$Proxy133.save(Unknown Source)
	at com.svalero.apievents.service.EventService.updateEvent(EventService.java:104)
	at com.svalero.apievents.controller.EventController.updateEvent(EventController.java:113)
	at java.base/jdk.internal.reflect.DirectMethodHandleAccessor.invoke(DirectMethodHandleAccessor.java:103)
	at java.base/java.lang.reflect.Method.invoke(Method.java:580)
	at org.springframework.web.method.support.InvocableHandlerMethod.doInvoke(InvocableHandlerMethod.java:255)
	at org.springframework.web.method.support.InvocableHandlerMethod.invokeForRequest(InvocableHandlerMethod.java:188)
	at org.springframework.web.servlet.mvc.method.annotation.ServletInvocableHandlerMethod.invokeAndHandle(ServletInvocableHandlerMethod.java:118)
	at org.springframework.web.servlet.mvc.method.annotation.RequestMappingHandlerAdapter.invokeHandlerMethod(RequestMappingHandlerAdapter.java:986)
	at org.springframework.web.servlet.mvc.method.annotation.RequestMappingHandlerAdapter.handleInternal(RequestMappingHandlerAdapter.java:891)
	at org.springframework.web.servlet.mvc.method.AbstractHandlerMethodAdapter.handle(AbstractHandlerMethodAdapter.java:87)
	at org.springframework.web.servlet.DispatcherServlet.doDispatch(DispatcherServlet.java:1088)
	at org.springframework.web.servlet.DispatcherServlet.doService(DispatcherServlet.java:978)
	at org.springframework.web.servlet.FrameworkServlet.processRequest(FrameworkServlet.java:1014)
	at org.springframework.web.servlet.FrameworkServlet.doPut(FrameworkServlet.java:925)
	at jakarta.servlet.http.HttpServlet.service(HttpServlet.java:593)
	at org.springframework.web.servlet.FrameworkServlet.service(FrameworkServlet.java:885)
	at jakarta.servlet.http.HttpServlet.service(HttpServlet.java:658)
	at org.apache.catalina.core.ApplicationFilterChain.internalDoFilter(ApplicationFilterChain.java:195)
	at org.apache.catalina.core.ApplicationFilterChain.doFilter(ApplicationFilterChain.java:140)
	at org.apache.tomcat.websocket.server.WsFilter.doFilter(WsFilter.java:51)
	at org.apache.catalina.core.ApplicationFilterChain.internalDoFilter(ApplicationFilterChain.java:164)
	at org.apache.catalina.core.ApplicationFilterChain.doFilter(ApplicationFilterChain.java:140)
	at org.springframework.web.filter.RequestContextFilter.doFilterInternal(RequestContextFilter.java:100)
	at org.springframework.web.filter.OncePerRequestFilter.doFilter(OncePerRequestFilter.java:116)
	at org.apache.catalina.core.ApplicationFilterChain.internalDoFilter(ApplicationFilterChain.java:164)
	at org.apache.catalina.core.ApplicationFilterChain.doFilter(ApplicationFilterChain.java:140)
	at org.springframework.web.filter.FormContentFilter.doFilterInternal(FormContentFilter.java:93)
	at org.springframework.web.filter.OncePerRequestFilter.doFilter(OncePerRequestFilter.java:116)
	at org.apache.catalina.core.ApplicationFilterChain.internalDoFilter(ApplicationFilterChain.java:164)
	at org.apache.catalina.core.ApplicationFilterChain.doFilter(ApplicationFilterChain.java:140)
	at org.springframework.web.filter.CharacterEncodingFilter.doFilterInternal(CharacterEncodingFilter.java:201)
	at org.springframework.web.filter.OncePerRequestFilter.doFilter(OncePerRequestFilter.java:116)
	at org.apache.catalina.core.ApplicationFilterChain.internalDoFilter(ApplicationFilterChain.java:164)
	at org.apache.catalina.core.ApplicationFilterChain.doFilter(ApplicationFilterChain.java:140)
	at org.apache.catalina.core.StandardWrapperValve.invoke(StandardWrapperValve.java:167)
	at org.apache.catalina.core.StandardContextValve.invoke(StandardContextValve.java:90)
	at org.apache.catalina.authenticator.AuthenticatorBase.invoke(AuthenticatorBase.java:483)
	at org.apache.catalina.core.StandardHostValve.invoke(StandardHostValve.java:115)
	at org.apache.catalina.valves.ErrorReportValve.invoke(ErrorReportValve.java:93)
	at org.apache.catalina.core.StandardEngineValve.invoke(StandardEngineValve.java:74)
	at org.apache.catalina.connector.CoyoteAdapter.service(CoyoteAdapter.java:344)
	at org.apache.coyote.http11.Http11Processor.service(Http11Processor.java:397)
	at org.apache.coyote.AbstractProcessorLight.process(AbstractProcessorLight.java:63)
	at org.apache.coyote.AbstractProtocol$ConnectionHandler.process(AbstractProtocol.java:905)
	at org.apache.tomcat.util.net.NioEndpoint$SocketProcessor.doRun(NioEndpoint.java:1741)
	at org.apache.tomcat.util.net.SocketProcessorBase.run(SocketProcessorBase.java:52)
	at org.apache.tomcat.util.threads.ThreadPoolExecutor.runWorker(ThreadPoolExecutor.java:1190)
	at org.apache.tomcat.util.threads.ThreadPoolExecutor$Worker.run(ThreadPoolExecutor.java:659)
	at org.apache.tomcat.util.threads.TaskThread$WrappingRunnable.run(TaskThread.java:63)
	at java.base/java.lang.Thread.run(Thread.java:1575)
Caused by: org.hibernate.PropertyValueException: not-null property references a null or transient value: com.svalero.apievents.domain.Event.eventDate
	at org.hibernate.engine.internal.Nullability.checkNullability(Nullability.java:112)
	at org.hibernate.engine.internal.Nullability.checkNullability(Nullability.java:57)
	at org.hibernate.event.internal.DefaultFlushEntityEventListener.scheduleUpdate(DefaultFlushEntityEventListener.java:260)
	at org.hibernate.event.internal.DefaultFlushEntityEventListener.onFlushEntity(DefaultFlushEntityEventListener.java:150)
	at org.hibernate.event.service.internal.EventListenerGroupImpl.fireEventOnEachListener(EventListenerGroupImpl.java:127)
	at org.hibernate.event.internal.AbstractFlushingEventListener.flushEntities(AbstractFlushingEventListener.java:269)
	at org.hibernate.event.internal.AbstractFlushingEventListener.flushEverythingToExecutions(AbstractFlushingEventListener.java:90)
	at org.hibernate.event.internal.AbstractFlushingEventListener.flushEverythingToExecutions(AbstractFlushingEventListener.java:84)
	at org.hibernate.event.internal.DefaultFlushEventListener.onFlush(DefaultFlushEventListener.java:40)
	at org.hibernate.event.service.internal.EventListenerGroupImpl.fireEventOnEachListener(EventListenerGroupImpl.java:127)
	at org.hibernate.internal.SessionImpl.doFlush(SessionImpl.java:1429)
	at org.hibernate.internal.SessionImpl.managedFlush(SessionImpl.java:491)
	at org.hibernate.internal.SessionImpl.flushBeforeTransactionCompletion(SessionImpl.java:2354)
	at org.hibernate.internal.SessionImpl.beforeTransactionCompletion(SessionImpl.java:1978)
	at org.hibernate.engine.jdbc.internal.JdbcCoordinatorImpl.beforeTransactionCompletion(JdbcCoordinatorImpl.java:439)
	at org.hibernate.resource.transaction.backend.jdbc.internal.JdbcResourceLocalTransactionCoordinatorImpl.beforeCompletionCallback(JdbcResourceLocalTransactionCoordinatorImpl.java:169)
	at org.hibernate.resource.transaction.backend.jdbc.internal.JdbcResourceLocalTransactionCoordinatorImpl$TransactionDriverControlImpl.commit(JdbcResourceLocalTransactionCoordinatorImpl.java:267)
	at org.hibernate.engine.transaction.internal.TransactionImpl.commit(TransactionImpl.java:101)
	at org.springframework.orm.jpa.JpaTransactionManager.doCommit(JpaTransactionManager.java:562)
	... 62 common frames omitted
2025-03-12 12:09:44,585 ERROR o.a.j.l.DirectJDKLog {log} [http-nio-8080-exec-7] Servlet.service() for servlet [dispatcherServlet] in context with path [] threw exception [Request processing failed: org.springframework.dao.DataIntegrityViolationException: not-null property references a null or transient value: com.svalero.apievents.domain.Event.eventDate] with root cause
org.hibernate.PropertyValueException: not-null property references a null or transient value: com.svalero.apievents.domain.Event.eventDate
	at org.hibernate.engine.internal.Nullability.checkNullability(Nullability.java:112)
	at org.hibernate.engine.internal.Nullability.checkNullability(Nullability.java:57)
	at org.hibernate.event.internal.DefaultFlushEntityEventListener.scheduleUpdate(DefaultFlushEntityEventListener.java:260)
	at org.hibernate.event.internal.DefaultFlushEntityEventListener.onFlushEntity(DefaultFlushEntityEventListener.java:150)
	at org.hibernate.event.service.internal.EventListenerGroupImpl.fireEventOnEachListener(EventListenerGroupImpl.java:127)
	at org.hibernate.event.internal.AbstractFlushingEventListener.flushEntities(AbstractFlushingEventListener.java:269)
	at org.hibernate.event.internal.AbstractFlushingEventListener.flushEverythingToExecutions(AbstractFlushingEventListener.java:90)
	at org.hibernate.event.internal.AbstractFlushingEventListener.flushEverythingToExecutions(AbstractFlushingEventListener.java:84)
	at org.hibernate.event.internal.DefaultFlushEventListener.onFlush(DefaultFlushEventListener.java:40)
	at org.hibernate.event.service.internal.EventListenerGroupImpl.fireEventOnEachListener(EventListenerGroupImpl.java:127)
	at org.hibernate.internal.SessionImpl.doFlush(SessionImpl.java:1429)
	at org.hibernate.internal.SessionImpl.managedFlush(SessionImpl.java:491)
	at org.hibernate.internal.SessionImpl.flushBeforeTransactionCompletion(SessionImpl.java:2354)
	at org.hibernate.internal.SessionImpl.beforeTransactionCompletion(SessionImpl.java:1978)
	at org.hibernate.engine.jdbc.internal.JdbcCoordinatorImpl.beforeTransactionCompletion(JdbcCoordinatorImpl.java:439)
	at org.hibernate.resource.transaction.backend.jdbc.internal.JdbcResourceLocalTransactionCoordinatorImpl.beforeCompletionCallback(JdbcResourceLocalTransactionCoordinatorImpl.java:169)
	at org.hibernate.resource.transaction.backend.jdbc.internal.JdbcResourceLocalTransactionCoordinatorImpl$TransactionDriverControlImpl.commit(JdbcResourceLocalTransactionCoordinatorImpl.java:267)
	at org.hibernate.engine.transaction.internal.TransactionImpl.commit(TransactionImpl.java:101)
	at org.springframework.orm.jpa.JpaTransactionManager.doCommit(JpaTransactionManager.java:562)
	at org.springframework.transaction.support.AbstractPlatformTransactionManager.processCommit(AbstractPlatformTransactionManager.java:795)
	at org.springframework.transaction.support.AbstractPlatformTransactionManager.commit(AbstractPlatformTransactionManager.java:758)
	at org.springframework.transaction.interceptor.TransactionAspectSupport.commitTransactionAfterReturning(TransactionAspectSupport.java:698)
	at org.springframework.transaction.interceptor.TransactionAspectSupport.invokeWithinTransaction(TransactionAspectSupport.java:416)
	at org.springframework.transaction.interceptor.TransactionInterceptor.invoke(TransactionInterceptor.java:119)
	at org.springframework.aop.framework.ReflectiveMethodInvocation.proceed(ReflectiveMethodInvocation.java:184)
	at org.springframework.dao.support.PersistenceExceptionTranslationInterceptor.invoke(PersistenceExceptionTranslationInterceptor.java:138)
	at org.springframework.aop.framework.ReflectiveMethodInvocation.proceed(ReflectiveMethodInvocation.java:184)
	at org.springframework.data.jpa.repository.support.CrudMethodMetadataPostProcessor$CrudMethodMetadataPopulatingMethodInterceptor.invoke(CrudMethodMetadataPostProcessor.java:165)
	at org.springframework.aop.framework.ReflectiveMethodInvocation.proceed(ReflectiveMethodInvocation.java:184)
	at org.springframework.aop.framework.JdkDynamicAopProxy.invoke(JdkDynamicAopProxy.java:223)
	at jdk.proxy2/jdk.proxy2.$Proxy133.save(Unknown Source)
	at com.svalero.apievents.service.EventService.updateEvent(EventService.java:104)
	at com.svalero.apievents.controller.EventController.updateEvent(EventController.java:113)
	at java.base/jdk.internal.reflect.DirectMethodHandleAccessor.invoke(DirectMethodHandleAccessor.java:103)
	at java.base/java.lang.reflect.Method.invoke(Method.java:580)
	at org.springframework.web.method.support.InvocableHandlerMethod.doInvoke(InvocableHandlerMethod.java:255)
	at org.springframework.web.method.support.InvocableHandlerMethod.invokeForRequest(InvocableHandlerMethod.java:188)
	at org.springframework.web.servlet.mvc.method.annotation.ServletInvocableHandlerMethod.invokeAndHandle(ServletInvocableHandlerMethod.java:118)
	at org.springframework.web.servlet.mvc.method.annotation.RequestMappingHandlerAdapter.invokeHandlerMethod(RequestMappingHandlerAdapter.java:986)
	at org.springframework.web.servlet.mvc.method.annotation.RequestMappingHandlerAdapter.handleInternal(RequestMappingHandlerAdapter.java:891)
	at org.springframework.web.servlet.mvc.method.AbstractHandlerMethodAdapter.handle(AbstractHandlerMethodAdapter.java:87)
	at org.springframework.web.servlet.DispatcherServlet.doDispatch(DispatcherServlet.java:1088)
	at org.springframework.web.servlet.DispatcherServlet.doService(DispatcherServlet.java:978)
	at org.springframework.web.servlet.FrameworkServlet.processRequest(FrameworkServlet.java:1014)
	at org.springframework.web.servlet.FrameworkServlet.doPut(FrameworkServlet.java:925)
	at jakarta.servlet.http.HttpServlet.service(HttpServlet.java:593)
	at org.springframework.web.servlet.FrameworkServlet.service(FrameworkServlet.java:885)
	at jakarta.servlet.http.HttpServlet.service(HttpServlet.java:658)
	at org.apache.catalina.core.ApplicationFilterChain.internalDoFilter(ApplicationFilterChain.java:195)
	at org.apache.catalina.core.ApplicationFilterChain.doFilter(ApplicationFilterChain.java:140)
	at org.apache.tomcat.websocket.server.WsFilter.doFilter(WsFilter.java:51)
	at org.apache.catalina.core.ApplicationFilterChain.internalDoFilter(ApplicationFilterChain.java:164)
	at org.apache.catalina.core.ApplicationFilterChain.doFilter(ApplicationFilterChain.java:140)
	at org.springframework.web.filter.RequestContextFilter.doFilterInternal(RequestContextFilter.java:100)
	at org.springframework.web.filter.OncePerRequestFilter.doFilter(OncePerRequestFilter.java:116)
	at org.apache.catalina.core.ApplicationFilterChain.internalDoFilter(ApplicationFilterChain.java:164)
	at org.apache.catalina.core.ApplicationFilterChain.doFilter(ApplicationFilterChain.java:140)
	at org.springframework.web.filter.FormContentFilter.doFilterInternal(FormContentFilter.java:93)
	at org.springframework.web.filter.OncePerRequestFilter.doFilter(OncePerRequestFilter.java:116)
	at org.apache.catalina.core.ApplicationFilterChain.internalDoFilter(ApplicationFilterChain.java:164)
	at org.apache.catalina.core.ApplicationFilterChain.doFilter(ApplicationFilterChain.java:140)
	at org.springframework.web.filter.CharacterEncodingFilter.doFilterInternal(CharacterEncodingFilter.java:201)
	at org.springframework.web.filter.OncePerRequestFilter.doFilter(OncePerRequestFilter.java:116)
	at org.apache.catalina.core.ApplicationFilterChain.internalDoFilter(ApplicationFilterChain.java:164)
	at org.apache.catalina.core.ApplicationFilterChain.doFilter(ApplicationFilterChain.java:140)
	at org.apache.catalina.core.StandardWrapperValve.invoke(StandardWrapperValve.java:167)
	at org.apache.catalina.core.StandardContextValve.invoke(StandardContextValve.java:90)
	at org.apache.catalina.authenticator.AuthenticatorBase.invoke(AuthenticatorBase.java:483)
	at org.apache.catalina.core.StandardHostValve.invoke(StandardHostValve.java:115)
	at org.apache.catalina.valves.ErrorReportValve.invoke(ErrorReportValve.java:93)
	at org.apache.catalina.core.StandardEngineValve.invoke(StandardEngineValve.java:74)
	at org.apache.catalina.connector.CoyoteAdapter.service(CoyoteAdapter.java:344)
	at org.apache.coyote.http11.Http11Processor.service(Http11Processor.java:397)
	at org.apache.coyote.AbstractProcessorLight.process(AbstractProcessorLight.java:63)
	at org.apache.coyote.AbstractProtocol$ConnectionHandler.process(AbstractProtocol.java:905)
	at org.apache.tomcat.util.net.NioEndpoint$SocketProcessor.doRun(NioEndpoint.java:1741)
	at org.apache.tomcat.util.net.SocketProcessorBase.run(SocketProcessorBase.java:52)
	at org.apache.tomcat.util.threads.ThreadPoolExecutor.runWorker(ThreadPoolExecutor.java:1190)
	at org.apache.tomcat.util.threads.ThreadPoolExecutor$Worker.run(ThreadPoolExecutor.java:659)
	at org.apache.tomcat.util.threads.TaskThread$WrappingRunnable.run(TaskThread.java:63)
	at java.base/java.lang.Thread.run(Thread.java:1575)
2025-03-12 12:13:16,393 INFO o.s.b.w.e.t.GracefulShutdown {shutDownGracefully} [SpringApplicationShutdownHook] Commencing graceful shutdown. Waiting for active requests to complete
2025-03-12 12:13:16,462 INFO o.s.b.w.e.t.GracefulShutdown {doShutdown} [tomcat-shutdown] Graceful shutdown complete
2025-03-12 12:13:16,507 INFO o.s.o.j.AbstractEntityManagerFactoryBean {destroy} [SpringApplicationShutdownHook] Closing JPA EntityManagerFactory for persistence unit 'default'
2025-03-12 12:13:16,551 INFO c.z.h.HikariDataSource {close} [SpringApplicationShutdownHook] HikariPool-1 - Shutdown initiated...
2025-03-12 12:13:16,573 INFO c.z.h.HikariDataSource {close} [SpringApplicationShutdownHook] HikariPool-1 - Shutdown completed.
2025-03-12 12:13:27,808 INFO o.s.b.StartupInfoLogger {logStarting} [main] Starting ApieventsApplication using Java 23.0.2 with PID 3007 (/Users/lauraindia/Desktop/DAM/AccesoDatos/apievents/target/classes started by lauraindia in /Users/lauraindia/Desktop/DAM/AccesoDatos/apievents)
2025-03-12 12:13:27,809 INFO o.s.b.SpringApplication {logStartupProfileInfo} [main] No active profile set, falling back to 1 default profile: "default"
2025-03-12 12:13:28,542 INFO o.s.d.r.c.RepositoryConfigurationDelegate {registerRepositoriesIn} [main] Bootstrapping Spring Data JPA repositories in DEFAULT mode.
2025-03-12 12:13:28,626 INFO o.s.d.r.c.RepositoryConfigurationDelegate {registerRepositoriesIn} [main] Finished Spring Data repository scanning in 73 ms. Found 5 JPA repository interfaces.
2025-03-12 12:13:29,221 INFO o.s.b.w.e.t.TomcatWebServer {initialize} [main] Tomcat initialized with port 8080 (http)
2025-03-12 12:13:29,235 INFO o.a.j.l.DirectJDKLog {log} [main] Initializing ProtocolHandler ["http-nio-8080"]
2025-03-12 12:13:29,240 INFO o.a.j.l.DirectJDKLog {log} [main] Starting service [Tomcat]
2025-03-12 12:13:29,240 INFO o.a.j.l.DirectJDKLog {log} [main] Starting Servlet engine: [Apache Tomcat/10.1.33]
2025-03-12 12:13:29,317 INFO o.a.j.l.DirectJDKLog {log} [main] Initializing Spring embedded WebApplicationContext
2025-03-12 12:13:29,318 INFO o.s.b.w.s.c.ServletWebServerApplicationContext {prepareWebApplicationContext} [main] Root WebApplicationContext: initialization completed in 1453 ms
2025-03-12 12:13:29,372 INFO c.z.h.HikariDataSource {getConnection} [main] HikariPool-1 - Starting...
2025-03-12 12:13:29,754 INFO c.z.h.p.HikariPool {checkFailFast} [main] HikariPool-1 - Added connection conn0: url=jdbc:h2:file:~/users.db user=SA
2025-03-12 12:13:29,756 INFO c.z.h.HikariDataSource {getConnection} [main] HikariPool-1 - Start completed.
2025-03-12 12:13:29,768 INFO o.s.b.a.h.H2ConsoleAutoConfiguration {logDataSources} [main] H2 console available at '/h2-console'. Database available at 'jdbc:h2:file:~/users.db'
2025-03-12 12:13:29,909 INFO o.h.j.i.u.LogHelper {logPersistenceUnitInformation} [main] HHH000204: Processing PersistenceUnitInfo [name: default]
2025-03-12 12:13:29,985 INFO o.h.Version {logVersion} [main] HHH000412: Hibernate ORM core version 6.6.2.Final
2025-03-12 12:13:30,035 INFO o.h.c.i.RegionFactoryInitiator {initiateService} [main] HHH000026: Second-level cache disabled
2025-03-12 12:13:30,357 INFO o.s.o.j.p.SpringPersistenceUnitInfo {addTransformer} [main] No LoadTimeWeaver setup: ignoring JPA class transformer
2025-03-12 12:13:30,414 WARN o.h.e.j.d.i.DialectFactoryImpl {constructDialect} [main] HHH90000025: H2Dialect does not need to be specified explicitly using 'hibernate.dialect' (remove the property setting and it will be selected by default)
2025-03-12 12:13:30,431 INFO o.h.e.j.e.i.JdbcEnvironmentInitiator {initiateService} [main] HHH10001005: Database info:
	Database JDBC URL [Connecting through datasource 'HikariDataSource (HikariPool-1)']
	Database driver: undefined/unknown
	Database version: 2.3.232
	Autocommit mode: undefined/unknown
	Isolation level: undefined/unknown
	Minimum pool size: undefined/unknown
	Maximum pool size: undefined/unknown
2025-03-12 12:13:31,424 INFO o.h.e.t.j.p.i.JtaPlatformInitiator {initiateService} [main] HHH000489: No JTA platform available (set 'hibernate.transaction.jta.platform' to enable JTA platform integration)
2025-03-12 12:13:31,487 INFO o.s.o.j.AbstractEntityManagerFactoryBean {buildNativeEntityManagerFactory} [main] Initialized JPA EntityManagerFactory for persistence unit 'default'
2025-03-12 12:13:31,950 WARN o.s.b.a.o.j.JpaBaseConfiguration$JpaWebConfiguration {openEntityManagerInViewInterceptor} [main] spring.jpa.open-in-view is enabled by default. Therefore, database queries may be performed during view rendering. Explicitly configure spring.jpa.open-in-view to disable this warning
2025-03-12 12:13:32,319 INFO o.a.j.l.DirectJDKLog {log} [main] Starting ProtocolHandler ["http-nio-8080"]
2025-03-12 12:13:32,353 INFO o.s.b.w.e.t.TomcatWebServer {start} [main] Tomcat started on port 8080 (http) with context path '/'
2025-03-12 12:13:32,360 INFO o.s.b.StartupInfoLogger {logStarted} [main] Started ApieventsApplication in 5.148 seconds (process running for 5.634)
2025-03-12 12:13:40,162 INFO o.a.j.l.DirectJDKLog {log} [http-nio-8080-exec-2] Initializing Spring DispatcherServlet 'dispatcherServlet'
2025-03-12 12:13:40,165 INFO o.s.w.s.FrameworkServlet {initServletBean} [http-nio-8080-exec-2] Initializing Servlet 'dispatcherServlet'
2025-03-12 12:13:40,177 INFO o.s.w.s.FrameworkServlet {initServletBean} [http-nio-8080-exec-2] Completed initialization in 11 ms
2025-03-12 12:13:40,259 INFO c.s.a.c.EventController {getAllEvents} [http-nio-8080-exec-2] BEGIN getAllEvents
2025-03-12 12:13:40,259 INFO c.s.a.c.EventController {getAllEvents} [http-nio-8080-exec-1] BEGIN getAllEvents
2025-03-12 12:13:40,548 INFO c.s.a.c.EventController {getAllEvents} [http-nio-8080-exec-1] END getAllEvents - Total events fetched: 10
2025-03-12 12:13:40,548 INFO c.s.a.c.EventController {getAllEvents} [http-nio-8080-exec-2] END getAllEvents - Total events fetched: 10
2025-03-12 12:14:14,892 INFO c.s.a.c.EventController {updateEvent} [http-nio-8080-exec-3] BEGIN updateEvent - Updating event with ID: 3
2025-03-12 12:14:15,076 INFO c.s.a.c.EventController {updateEvent} [http-nio-8080-exec-3] END updateEvent - Event updated with ID: 3
2025-03-12 12:14:20,289 INFO c.s.a.c.EventController {getAllEvents} [http-nio-8080-exec-4] BEGIN getAllEvents
2025-03-12 12:14:20,308 INFO c.s.a.c.EventController {getAllEvents} [http-nio-8080-exec-4] END getAllEvents - Total events fetched: 10
2025-03-12 12:14:25,829 INFO c.s.a.c.EventController {getAllEvents} [http-nio-8080-exec-5] BEGIN getAllEvents
2025-03-12 12:14:25,835 INFO c.s.a.c.EventController {getAllEvents} [http-nio-8080-exec-5] END getAllEvents - Total events fetched: 10
2025-03-12 12:27:08,277 WARN c.z.h.p.HikariPool$HouseKeeper {run} [HikariPool-1 housekeeper] HikariPool-1 - Thread starvation or clock leap detected (housekeeper delta=6m35s728ms).
2025-03-12 12:28:12,891 INFO c.s.a.c.EventController {deleteEvent} [http-nio-8080-exec-1] BEGIN deleteEvent - Deleting event with ID: 11
2025-03-12 12:28:13,747 INFO c.s.a.c.EventController {deleteEvent} [http-nio-8080-exec-1] END deleteEvent - Event deleted with ID: 11
2025-03-12 12:28:13,874 INFO c.s.a.c.EventController {getAllEvents} [http-nio-8080-exec-2] BEGIN getAllEvents
2025-03-12 12:28:13,882 INFO c.s.a.c.EventController {getAllEvents} [http-nio-8080-exec-2] END getAllEvents - Total events fetched: 9
2025-03-12 12:28:21,856 INFO c.s.a.c.EventController {deleteEvent} [http-nio-8080-exec-3] BEGIN deleteEvent - Deleting event with ID: 12
2025-03-12 12:28:21,862 INFO c.s.a.c.EventController {deleteEvent} [http-nio-8080-exec-3] END deleteEvent - Event deleted with ID: 12
2025-03-12 12:28:21,986 INFO c.s.a.c.EventController {getAllEvents} [http-nio-8080-exec-4] BEGIN getAllEvents
2025-03-12 12:28:21,991 INFO c.s.a.c.EventController {getAllEvents} [http-nio-8080-exec-4] END getAllEvents - Total events fetched: 8
2025-03-12 12:28:35,751 INFO c.s.a.c.EventController {getAllEvents} [http-nio-8080-exec-5] BEGIN getAllEvents
2025-03-12 12:28:35,758 INFO c.s.a.c.EventController {getAllEvents} [http-nio-8080-exec-5] END getAllEvents - Total events fetched: 8
2025-03-12 12:28:40,807 INFO c.s.a.c.EventController {deleteEvent} [http-nio-8080-exec-6] BEGIN deleteEvent - Deleting event with ID: 13
2025-03-12 12:28:40,814 INFO c.s.a.c.EventController {deleteEvent} [http-nio-8080-exec-6] END deleteEvent - Event deleted with ID: 13
2025-03-12 12:28:40,906 INFO c.s.a.c.EventController {getAllEvents} [http-nio-8080-exec-7] BEGIN getAllEvents
2025-03-12 12:28:40,914 INFO c.s.a.c.EventController {getAllEvents} [http-nio-8080-exec-7] END getAllEvents - Total events fetched: 7
2025-03-12 12:41:26,057 INFO o.s.b.w.e.t.GracefulShutdown {shutDownGracefully} [SpringApplicationShutdownHook] Commencing graceful shutdown. Waiting for active requests to complete
2025-03-12 12:41:26,128 INFO o.s.b.w.e.t.GracefulShutdown {doShutdown} [tomcat-shutdown] Graceful shutdown complete
2025-03-12 12:41:26,155 INFO o.s.o.j.AbstractEntityManagerFactoryBean {destroy} [SpringApplicationShutdownHook] Closing JPA EntityManagerFactory for persistence unit 'default'
2025-03-12 12:41:26,189 INFO c.z.h.HikariDataSource {close} [SpringApplicationShutdownHook] HikariPool-1 - Shutdown initiated...
2025-03-12 12:41:26,201 INFO c.z.h.HikariDataSource {close} [SpringApplicationShutdownHook] HikariPool-1 - Shutdown completed.
