2025-01-18 10:41:27,521 INFO o.s.b.StartupInfoLogger {logStarting} [main] Starting ApieventsApplication using Java 23 with PID 7023 (/Users/lauraindia/Desktop/DAM/AccesoDatos/apievents/target/classes started by lauraindia in /Users/lauraindia/Desktop/DAM/AccesoDatos/apievents)
2025-01-18 10:41:27,525 INFO o.s.b.SpringApplication {logStartupProfileInfo} [main] No active profile set, falling back to 1 default profile: "default"
2025-01-18 10:41:28,287 INFO o.s.d.r.c.RepositoryConfigurationDelegate {registerRepositoriesIn} [main] Bootstrapping Spring Data JPA repositories in DEFAULT mode.
2025-01-18 10:41:28,385 INFO o.s.d.r.c.RepositoryConfigurationDelegate {registerRepositoriesIn} [main] Finished Spring Data repository scanning in 85 ms. Found 5 JPA repository interfaces.
2025-01-18 10:41:28,967 INFO o.s.b.w.e.t.TomcatWebServer {initialize} [main] Tomcat initialized with port 8080 (http)
2025-01-18 10:41:28,983 INFO o.a.j.l.DirectJDKLog {log} [main] Initializing ProtocolHandler ["http-nio-8080"]
2025-01-18 10:41:28,987 INFO o.a.j.l.DirectJDKLog {log} [main] Starting service [Tomcat]
2025-01-18 10:41:28,987 INFO o.a.j.l.DirectJDKLog {log} [main] Starting Servlet engine: [Apache Tomcat/10.1.33]
2025-01-18 10:41:29,065 INFO o.a.j.l.DirectJDKLog {log} [main] Initializing Spring embedded WebApplicationContext
2025-01-18 10:41:29,066 INFO o.s.b.w.s.c.ServletWebServerApplicationContext {prepareWebApplicationContext} [main] Root WebApplicationContext: initialization completed in 1477 ms
2025-01-18 10:41:29,098 INFO c.z.h.HikariDataSource {getConnection} [main] HikariPool-1 - Starting...
2025-01-18 10:41:29,394 INFO c.z.h.p.HikariPool {checkFailFast} [main] HikariPool-1 - Added connection conn0: url=jdbc:h2:file:~/users.db user=SA
2025-01-18 10:41:29,396 INFO c.z.h.HikariDataSource {getConnection} [main] HikariPool-1 - Start completed.
2025-01-18 10:41:29,409 INFO o.s.b.a.h.H2ConsoleAutoConfiguration {logDataSources} [main] H2 console available at '/h2-console'. Database available at 'jdbc:h2:file:~/users.db'
2025-01-18 10:41:29,545 INFO o.h.j.i.u.LogHelper {logPersistenceUnitInformation} [main] HHH000204: Processing PersistenceUnitInfo [name: default]
2025-01-18 10:41:29,619 INFO o.h.Version {logVersion} [main] HHH000412: Hibernate ORM core version 6.6.2.Final
2025-01-18 10:41:29,660 INFO o.h.c.i.RegionFactoryInitiator {initiateService} [main] HHH000026: Second-level cache disabled
2025-01-18 10:41:29,968 INFO o.s.o.j.p.SpringPersistenceUnitInfo {addTransformer} [main] No LoadTimeWeaver setup: ignoring JPA class transformer
2025-01-18 10:41:30,021 WARN o.h.e.j.d.i.DialectFactoryImpl {constructDialect} [main] HHH90000025: H2Dialect does not need to be specified explicitly using 'hibernate.dialect' (remove the property setting and it will be selected by default)
2025-01-18 10:41:30,039 INFO o.h.e.j.e.i.JdbcEnvironmentInitiator {initiateService} [main] HHH10001005: Database info:
	Database JDBC URL [Connecting through datasource 'HikariDataSource (HikariPool-1)']
	Database driver: undefined/unknown
	Database version: 2.3.232
	Autocommit mode: undefined/unknown
	Isolation level: undefined/unknown
	Minimum pool size: undefined/unknown
	Maximum pool size: undefined/unknown
2025-01-18 10:41:31,012 INFO o.h.e.t.j.p.i.JtaPlatformInitiator {initiateService} [main] HHH000489: No JTA platform available (set 'hibernate.transaction.jta.platform' to enable JTA platform integration)
2025-01-18 10:41:31,087 INFO o.s.o.j.AbstractEntityManagerFactoryBean {buildNativeEntityManagerFactory} [main] Initialized JPA EntityManagerFactory for persistence unit 'default'
2025-01-18 10:41:31,654 WARN o.s.b.a.o.j.JpaBaseConfiguration$JpaWebConfiguration {openEntityManagerInViewInterceptor} [main] spring.jpa.open-in-view is enabled by default. Therefore, database queries may be performed during view rendering. Explicitly configure spring.jpa.open-in-view to disable this warning
2025-01-18 10:41:32,126 INFO o.a.j.l.DirectJDKLog {log} [main] Starting ProtocolHandler ["http-nio-8080"]
2025-01-18 10:41:32,186 INFO o.s.b.w.e.t.TomcatWebServer {start} [main] Tomcat started on port 8080 (http) with context path '/'
2025-01-18 10:41:32,194 INFO o.s.b.StartupInfoLogger {logStarted} [main] Started ApieventsApplication in 5.285 seconds (process running for 5.663)
2025-01-18 10:41:57,817 INFO o.a.j.l.DirectJDKLog {log} [http-nio-8080-exec-2] Initializing Spring DispatcherServlet 'dispatcherServlet'
2025-01-18 10:41:57,830 INFO o.s.w.s.FrameworkServlet {initServletBean} [http-nio-8080-exec-2] Initializing Servlet 'dispatcherServlet'
2025-01-18 10:41:57,862 INFO o.s.w.s.FrameworkServlet {initServletBean} [http-nio-8080-exec-2] Completed initialization in 32 ms
2025-01-18 10:41:58,117 INFO c.s.a.c.EventController {getAllEvents} [http-nio-8080-exec-2] BEGIN getAllEvents
2025-01-18 10:41:58,117 INFO c.s.a.c.EventController {getAllEvents} [http-nio-8080-exec-1] BEGIN getAllEvents
2025-01-18 10:41:58,851 INFO c.s.a.c.EventController {getAllEvents} [http-nio-8080-exec-1] END getAllEvents - Total events fetched: 3
2025-01-18 10:41:58,851 INFO c.s.a.c.EventController {getAllEvents} [http-nio-8080-exec-2] END getAllEvents - Total events fetched: 3
2025-01-18 10:42:54,791 INFO c.s.a.c.EventController {getAllEvents} [http-nio-8080-exec-5] BEGIN getAllEvents
2025-01-18 10:42:54,791 INFO c.s.a.c.EventController {getAllEvents} [http-nio-8080-exec-6] BEGIN getAllEvents
2025-01-18 10:42:54,856 INFO c.s.a.c.EventController {getAllEvents} [http-nio-8080-exec-5] END getAllEvents - Total events fetched: 3
2025-01-18 10:42:54,856 INFO c.s.a.c.EventController {getAllEvents} [http-nio-8080-exec-6] END getAllEvents - Total events fetched: 3
2025-01-18 10:44:31,078 INFO c.s.a.c.EventController {getAllEvents} [http-nio-8080-exec-9] BEGIN getAllEvents
2025-01-18 10:44:31,137 INFO c.s.a.c.EventController {getAllEvents} [http-nio-8080-exec-9] END getAllEvents - Total events fetched: 3
2025-01-18 10:44:33,288 INFO c.s.a.c.EventController {getAllEvents} [http-nio-8080-exec-10] BEGIN getAllEvents
2025-01-18 10:44:33,294 INFO c.s.a.c.EventController {getAllEvents} [http-nio-8080-exec-10] END getAllEvents - Total events fetched: 3
2025-01-18 10:44:33,310 INFO c.s.a.c.EventController {getAllEvents} [http-nio-8080-exec-1] BEGIN getAllEvents
2025-01-18 10:44:33,315 INFO c.s.a.c.EventController {getAllEvents} [http-nio-8080-exec-1] END getAllEvents - Total events fetched: 3
2025-01-18 10:45:31,943 INFO o.s.b.w.e.t.GracefulShutdown {shutDownGracefully} [SpringApplicationShutdownHook] Commencing graceful shutdown. Waiting for active requests to complete
2025-01-18 10:45:32,012 INFO o.s.b.w.e.t.GracefulShutdown {doShutdown} [tomcat-shutdown] Graceful shutdown complete
2025-01-18 10:45:32,027 INFO o.s.o.j.AbstractEntityManagerFactoryBean {destroy} [SpringApplicationShutdownHook] Closing JPA EntityManagerFactory for persistence unit 'default'
2025-01-18 10:45:32,046 INFO c.z.h.HikariDataSource {close} [SpringApplicationShutdownHook] HikariPool-1 - Shutdown initiated...
2025-01-18 10:45:32,051 INFO c.z.h.HikariDataSource {close} [SpringApplicationShutdownHook] HikariPool-1 - Shutdown completed.
2025-01-18 10:57:10,804 INFO o.s.b.StartupInfoLogger {logStarting} [main] Starting ApieventsApplication using Java 23 with PID 7580 (/Users/lauraindia/Desktop/DAM/AccesoDatos/apievents/target/classes started by lauraindia in /Users/lauraindia/Desktop/DAM/AccesoDatos/apievents)
2025-01-18 10:57:10,806 INFO o.s.b.SpringApplication {logStartupProfileInfo} [main] No active profile set, falling back to 1 default profile: "default"
2025-01-18 10:57:11,424 INFO o.s.d.r.c.RepositoryConfigurationDelegate {registerRepositoriesIn} [main] Bootstrapping Spring Data JPA repositories in DEFAULT mode.
2025-01-18 10:57:11,512 INFO o.s.d.r.c.RepositoryConfigurationDelegate {registerRepositoriesIn} [main] Finished Spring Data repository scanning in 65 ms. Found 5 JPA repository interfaces.
2025-01-18 10:57:12,101 INFO o.s.b.w.e.t.TomcatWebServer {initialize} [main] Tomcat initialized with port 8080 (http)
2025-01-18 10:57:12,120 INFO o.a.j.l.DirectJDKLog {log} [main] Initializing ProtocolHandler ["http-nio-8080"]
2025-01-18 10:57:12,124 INFO o.a.j.l.DirectJDKLog {log} [main] Starting service [Tomcat]
2025-01-18 10:57:12,125 INFO o.a.j.l.DirectJDKLog {log} [main] Starting Servlet engine: [Apache Tomcat/10.1.33]
2025-01-18 10:57:12,199 INFO o.a.j.l.DirectJDKLog {log} [main] Initializing Spring embedded WebApplicationContext
2025-01-18 10:57:12,201 INFO o.s.b.w.s.c.ServletWebServerApplicationContext {prepareWebApplicationContext} [main] Root WebApplicationContext: initialization completed in 1343 ms
2025-01-18 10:57:12,248 INFO c.z.h.HikariDataSource {getConnection} [main] HikariPool-1 - Starting...
2025-01-18 10:57:12,570 INFO c.z.h.p.HikariPool {checkFailFast} [main] HikariPool-1 - Added connection conn0: url=jdbc:h2:file:~/users.db user=SA
2025-01-18 10:57:12,572 INFO c.z.h.HikariDataSource {getConnection} [main] HikariPool-1 - Start completed.
2025-01-18 10:57:12,586 INFO o.s.b.a.h.H2ConsoleAutoConfiguration {logDataSources} [main] H2 console available at '/h2-console'. Database available at 'jdbc:h2:file:~/users.db'
2025-01-18 10:57:12,782 INFO o.h.j.i.u.LogHelper {logPersistenceUnitInformation} [main] HHH000204: Processing PersistenceUnitInfo [name: default]
2025-01-18 10:57:12,886 INFO o.h.Version {logVersion} [main] HHH000412: Hibernate ORM core version 6.6.2.Final
2025-01-18 10:57:12,954 INFO o.h.c.i.RegionFactoryInitiator {initiateService} [main] HHH000026: Second-level cache disabled
2025-01-18 10:57:13,408 INFO o.s.o.j.p.SpringPersistenceUnitInfo {addTransformer} [main] No LoadTimeWeaver setup: ignoring JPA class transformer
2025-01-18 10:57:13,505 WARN o.h.e.j.d.i.DialectFactoryImpl {constructDialect} [main] HHH90000025: H2Dialect does not need to be specified explicitly using 'hibernate.dialect' (remove the property setting and it will be selected by default)
2025-01-18 10:57:13,533 INFO o.h.e.j.e.i.JdbcEnvironmentInitiator {initiateService} [main] HHH10001005: Database info:
	Database JDBC URL [Connecting through datasource 'HikariDataSource (HikariPool-1)']
	Database driver: undefined/unknown
	Database version: 2.3.232
	Autocommit mode: undefined/unknown
	Isolation level: undefined/unknown
	Minimum pool size: undefined/unknown
	Maximum pool size: undefined/unknown
2025-01-18 10:57:15,456 INFO o.h.e.t.j.p.i.JtaPlatformInitiator {initiateService} [main] HHH000489: No JTA platform available (set 'hibernate.transaction.jta.platform' to enable JTA platform integration)
2025-01-18 10:57:16,023 INFO o.s.o.j.AbstractEntityManagerFactoryBean {buildNativeEntityManagerFactory} [main] Initialized JPA EntityManagerFactory for persistence unit 'default'
2025-01-18 10:57:17,900 WARN o.s.b.a.o.j.JpaBaseConfiguration$JpaWebConfiguration {openEntityManagerInViewInterceptor} [main] spring.jpa.open-in-view is enabled by default. Therefore, database queries may be performed during view rendering. Explicitly configure spring.jpa.open-in-view to disable this warning
2025-01-18 10:57:19,123 INFO o.a.j.l.DirectJDKLog {log} [main] Starting ProtocolHandler ["http-nio-8080"]
2025-01-18 10:57:19,423 INFO o.s.b.w.e.t.TomcatWebServer {start} [main] Tomcat started on port 8080 (http) with context path '/'
2025-01-18 10:57:19,464 INFO o.s.b.StartupInfoLogger {logStarted} [main] Started ApieventsApplication in 9.229 seconds (process running for 9.658)
2025-01-18 10:57:24,758 INFO o.a.j.l.DirectJDKLog {log} [http-nio-8080-exec-2] Initializing Spring DispatcherServlet 'dispatcherServlet'
2025-01-18 10:57:24,763 INFO o.s.w.s.FrameworkServlet {initServletBean} [http-nio-8080-exec-2] Initializing Servlet 'dispatcherServlet'
2025-01-18 10:57:24,783 INFO o.s.w.s.FrameworkServlet {initServletBean} [http-nio-8080-exec-2] Completed initialization in 19 ms
2025-01-18 10:57:24,929 INFO c.s.a.c.EventController {getAllEvents} [http-nio-8080-exec-2] BEGIN getAllEvents
2025-01-18 10:57:24,929 INFO c.s.a.c.EventController {getAllEvents} [http-nio-8080-exec-1] BEGIN getAllEvents
2025-01-18 10:57:25,321 INFO c.s.a.c.EventController {getAllEvents} [http-nio-8080-exec-1] END getAllEvents - Total events fetched: 3
2025-01-18 10:57:25,321 INFO c.s.a.c.EventController {getAllEvents} [http-nio-8080-exec-2] END getAllEvents - Total events fetched: 3
2025-01-18 11:00:14,341 INFO c.s.a.c.EventController {getAllEvents} [http-nio-8080-exec-6] BEGIN getAllEvents
2025-01-18 11:00:14,336 INFO c.s.a.c.EventController {getAllEvents} [http-nio-8080-exec-5] BEGIN getAllEvents
2025-01-18 11:00:14,376 INFO c.s.a.c.EventController {getAllEvents} [http-nio-8080-exec-6] END getAllEvents - Total events fetched: 3
2025-01-18 11:00:14,376 INFO c.s.a.c.EventController {getAllEvents} [http-nio-8080-exec-5] END getAllEvents - Total events fetched: 3
2025-01-18 11:00:16,646 INFO c.s.a.c.EventController {getAllEvents} [http-nio-8080-exec-7] BEGIN getAllEvents
2025-01-18 11:00:16,649 INFO c.s.a.c.EventController {getAllEvents} [http-nio-8080-exec-7] END getAllEvents - Total events fetched: 3
2025-01-18 11:00:16,664 INFO c.s.a.c.EventController {getAllEvents} [http-nio-8080-exec-8] BEGIN getAllEvents
2025-01-18 11:00:16,670 INFO c.s.a.c.EventController {getAllEvents} [http-nio-8080-exec-8] END getAllEvents - Total events fetched: 3
2025-01-18 11:05:41,775 INFO c.s.a.c.EventController {getAllEvents} [http-nio-8080-exec-3] BEGIN getAllEvents
2025-01-18 11:05:41,775 INFO c.s.a.c.EventController {getAllEvents} [http-nio-8080-exec-4] BEGIN getAllEvents
2025-01-18 11:05:41,851 INFO c.s.a.c.EventController {getAllEvents} [http-nio-8080-exec-3] END getAllEvents - Total events fetched: 3
2025-01-18 11:05:41,851 INFO c.s.a.c.EventController {getAllEvents} [http-nio-8080-exec-4] END getAllEvents - Total events fetched: 3
2025-01-18 11:06:32,292 INFO c.s.a.c.EventController {getAllEvents} [http-nio-8080-exec-6] BEGIN getAllEvents
2025-01-18 11:06:32,298 INFO c.s.a.c.EventController {getAllEvents} [http-nio-8080-exec-6] END getAllEvents - Total events fetched: 3
2025-01-18 11:06:32,479 INFO c.s.a.c.EventController {getAllEvents} [http-nio-8080-exec-5] BEGIN getAllEvents
2025-01-18 11:06:32,485 INFO c.s.a.c.EventController {getAllEvents} [http-nio-8080-exec-5] END getAllEvents - Total events fetched: 3
2025-01-18 11:11:33,849 INFO c.s.a.c.EventController {getAllEvents} [http-nio-8080-exec-2] BEGIN getAllEvents
2025-01-18 11:11:33,849 INFO c.s.a.c.EventController {getAllEvents} [http-nio-8080-exec-1] BEGIN getAllEvents
2025-01-18 11:11:33,972 INFO c.s.a.c.EventController {getAllEvents} [http-nio-8080-exec-1] END getAllEvents - Total events fetched: 3
2025-01-18 11:11:33,972 INFO c.s.a.c.EventController {getAllEvents} [http-nio-8080-exec-2] END getAllEvents - Total events fetched: 3
2025-01-18 11:11:34,402 INFO c.s.a.c.EventController {getAllEvents} [http-nio-8080-exec-3] BEGIN getAllEvents
2025-01-18 11:11:34,410 INFO c.s.a.c.EventController {getAllEvents} [http-nio-8080-exec-3] END getAllEvents - Total events fetched: 3
2025-01-18 11:11:34,427 INFO c.s.a.c.EventController {getAllEvents} [http-nio-8080-exec-4] BEGIN getAllEvents
2025-01-18 11:11:34,434 INFO c.s.a.c.EventController {getAllEvents} [http-nio-8080-exec-4] END getAllEvents - Total events fetched: 3
2025-01-18 11:11:37,525 INFO c.s.a.c.EventController {getAllEvents} [http-nio-8080-exec-6] BEGIN getAllEvents
2025-01-18 11:11:37,533 INFO c.s.a.c.EventController {getAllEvents} [http-nio-8080-exec-6] END getAllEvents - Total events fetched: 3
2025-01-18 11:11:37,537 INFO c.s.a.c.EventController {getAllEvents} [http-nio-8080-exec-6] BEGIN getAllEvents
2025-01-18 11:11:37,540 INFO c.s.a.c.EventController {getAllEvents} [http-nio-8080-exec-6] END getAllEvents - Total events fetched: 3
2025-01-18 11:18:44,245 INFO c.s.a.c.EventController {getAllEvents} [http-nio-8080-exec-4] BEGIN getAllEvents
2025-01-18 11:18:44,245 INFO c.s.a.c.EventController {getAllEvents} [http-nio-8080-exec-3] BEGIN getAllEvents
2025-01-18 11:18:44,388 INFO c.s.a.c.EventController {getAllEvents} [http-nio-8080-exec-3] END getAllEvents - Total events fetched: 3
2025-01-18 11:18:44,388 INFO c.s.a.c.EventController {getAllEvents} [http-nio-8080-exec-4] END getAllEvents - Total events fetched: 3
2025-01-18 11:20:07,559 INFO c.s.a.c.EventController {getAllEvents} [http-nio-8080-exec-8] BEGIN getAllEvents
2025-01-18 11:20:07,559 INFO c.s.a.c.EventController {getAllEvents} [http-nio-8080-exec-9] BEGIN getAllEvents
2025-01-18 11:20:07,626 INFO c.s.a.c.EventController {getAllEvents} [http-nio-8080-exec-9] END getAllEvents - Total events fetched: 3
2025-01-18 11:20:07,626 INFO c.s.a.c.EventController {getAllEvents} [http-nio-8080-exec-8] END getAllEvents - Total events fetched: 3
2025-01-18 11:21:36,295 INFO c.s.a.c.EventController {getAllEvents} [http-nio-8080-exec-1] BEGIN getAllEvents
2025-01-18 11:21:36,295 INFO c.s.a.c.EventController {getAllEvents} [http-nio-8080-exec-10] BEGIN getAllEvents
2025-01-18 11:21:36,372 INFO c.s.a.c.EventController {getAllEvents} [http-nio-8080-exec-1] END getAllEvents - Total events fetched: 3
2025-01-18 11:21:36,371 INFO c.s.a.c.EventController {getAllEvents} [http-nio-8080-exec-10] END getAllEvents - Total events fetched: 3
2025-01-18 11:27:45,093 INFO o.s.b.w.e.t.GracefulShutdown {shutDownGracefully} [SpringApplicationShutdownHook] Commencing graceful shutdown. Waiting for active requests to complete
2025-01-18 11:27:45,301 INFO o.s.b.w.e.t.GracefulShutdown {doShutdown} [tomcat-shutdown] Graceful shutdown complete
2025-01-18 11:27:45,339 INFO o.s.o.j.AbstractEntityManagerFactoryBean {destroy} [SpringApplicationShutdownHook] Closing JPA EntityManagerFactory for persistence unit 'default'
2025-01-18 11:27:45,378 INFO c.z.h.HikariDataSource {close} [SpringApplicationShutdownHook] HikariPool-1 - Shutdown initiated...
2025-01-18 11:27:45,389 INFO c.z.h.HikariDataSource {close} [SpringApplicationShutdownHook] HikariPool-1 - Shutdown completed.
