2025-01-14 11:09:37,808 INFO o.s.b.StartupInfoLogger {logStarting} [main] Starting ApieventsApplication using Java 23 with PID 6625 (/Users/lauraindia/Desktop/DAM/AccesoDatos/apievents/target/classes started by lauraindia in /Users/lauraindia/Desktop/DAM/AccesoDatos/apievents)
2025-01-14 11:09:37,811 INFO o.s.b.SpringApplication {logStartupProfileInfo} [main] No active profile set, falling back to 1 default profile: "default"
2025-01-14 11:09:38,436 INFO o.s.d.r.c.RepositoryConfigurationDelegate {registerRepositoriesIn} [main] Bootstrapping Spring Data JPA repositories in DEFAULT mode.
2025-01-14 11:09:38,519 INFO o.s.d.r.c.RepositoryConfigurationDelegate {registerRepositoriesIn} [main] Finished Spring Data repository scanning in 62 ms. Found 5 JPA repository interfaces.
2025-01-14 11:09:39,061 INFO o.s.b.w.e.t.TomcatWebServer {initialize} [main] Tomcat initialized with port 8080 (http)
2025-01-14 11:09:39,080 INFO o.a.j.l.DirectJDKLog {log} [main] Initializing ProtocolHandler ["http-nio-8080"]
2025-01-14 11:09:39,084 INFO o.a.j.l.DirectJDKLog {log} [main] Starting service [Tomcat]
2025-01-14 11:09:39,084 INFO o.a.j.l.DirectJDKLog {log} [main] Starting Servlet engine: [Apache Tomcat/10.1.33]
2025-01-14 11:09:39,151 INFO o.a.j.l.DirectJDKLog {log} [main] Initializing Spring embedded WebApplicationContext
2025-01-14 11:09:39,152 INFO o.s.b.w.s.c.ServletWebServerApplicationContext {prepareWebApplicationContext} [main] Root WebApplicationContext: initialization completed in 1291 ms
2025-01-14 11:09:39,183 INFO c.z.h.HikariDataSource {getConnection} [main] HikariPool-1 - Starting...
2025-01-14 11:09:39,479 INFO c.z.h.p.HikariPool {checkFailFast} [main] HikariPool-1 - Added connection conn0: url=jdbc:h2:file:~/users.db user=SA
2025-01-14 11:09:39,481 INFO c.z.h.HikariDataSource {getConnection} [main] HikariPool-1 - Start completed.
2025-01-14 11:09:39,492 INFO o.s.b.a.h.H2ConsoleAutoConfiguration {logDataSources} [main] H2 console available at '/h2-console'. Database available at 'jdbc:h2:file:~/users.db'
2025-01-14 11:09:39,641 INFO o.h.j.i.u.LogHelper {logPersistenceUnitInformation} [main] HHH000204: Processing PersistenceUnitInfo [name: default]
2025-01-14 11:09:39,720 INFO o.h.Version {logVersion} [main] HHH000412: Hibernate ORM core version 6.6.2.Final
2025-01-14 11:09:39,772 INFO o.h.c.i.RegionFactoryInitiator {initiateService} [main] HHH000026: Second-level cache disabled
2025-01-14 11:09:40,103 INFO o.s.o.j.p.SpringPersistenceUnitInfo {addTransformer} [main] No LoadTimeWeaver setup: ignoring JPA class transformer
2025-01-14 11:09:40,172 WARN o.h.e.j.d.i.DialectFactoryImpl {constructDialect} [main] HHH90000025: H2Dialect does not need to be specified explicitly using 'hibernate.dialect' (remove the property setting and it will be selected by default)
2025-01-14 11:09:40,190 INFO o.h.e.j.e.i.JdbcEnvironmentInitiator {initiateService} [main] HHH10001005: Database info:
	Database JDBC URL [Connecting through datasource 'HikariDataSource (HikariPool-1)']
	Database driver: undefined/unknown
	Database version: 2.3.232
	Autocommit mode: undefined/unknown
	Isolation level: undefined/unknown
	Minimum pool size: undefined/unknown
	Maximum pool size: undefined/unknown
2025-01-14 11:09:41,240 INFO o.h.e.t.j.p.i.JtaPlatformInitiator {initiateService} [main] HHH000489: No JTA platform available (set 'hibernate.transaction.jta.platform' to enable JTA platform integration)
2025-01-14 11:09:41,306 INFO o.s.o.j.AbstractEntityManagerFactoryBean {buildNativeEntityManagerFactory} [main] Initialized JPA EntityManagerFactory for persistence unit 'default'
2025-01-14 11:09:41,775 WARN o.s.b.a.o.j.JpaBaseConfiguration$JpaWebConfiguration {openEntityManagerInViewInterceptor} [main] spring.jpa.open-in-view is enabled by default. Therefore, database queries may be performed during view rendering. Explicitly configure spring.jpa.open-in-view to disable this warning
2025-01-14 11:09:42,206 INFO o.a.j.l.DirectJDKLog {log} [main] Starting ProtocolHandler ["http-nio-8080"]
2025-01-14 11:09:42,244 INFO o.s.b.w.e.t.TomcatWebServer {start} [main] Tomcat started on port 8080 (http) with context path '/'
2025-01-14 11:09:42,251 INFO o.s.b.StartupInfoLogger {logStarted} [main] Started ApieventsApplication in 5.038 seconds (process running for 5.411)
2025-01-14 11:10:36,829 INFO o.s.b.w.e.t.GracefulShutdown {shutDownGracefully} [SpringApplicationShutdownHook] Commencing graceful shutdown. Waiting for active requests to complete
2025-01-14 11:10:36,910 INFO o.s.b.w.e.t.GracefulShutdown {doShutdown} [tomcat-shutdown] Graceful shutdown complete
2025-01-14 11:10:36,944 INFO o.s.o.j.AbstractEntityManagerFactoryBean {destroy} [SpringApplicationShutdownHook] Closing JPA EntityManagerFactory for persistence unit 'default'
2025-01-14 11:10:36,969 INFO c.z.h.HikariDataSource {close} [SpringApplicationShutdownHook] HikariPool-1 - Shutdown initiated...
2025-01-14 11:10:37,007 INFO c.z.h.HikariDataSource {close} [SpringApplicationShutdownHook] HikariPool-1 - Shutdown completed.
2025-01-14 12:14:57,142 INFO o.s.b.StartupInfoLogger {logStarting} [main] Starting ApieventsApplication using Java 23 with PID 8061 (/Users/lauraindia/Desktop/DAM/AccesoDatos/apievents/target/classes started by lauraindia in /Users/lauraindia/Desktop/DAM/AccesoDatos/apievents)
2025-01-14 12:14:57,157 INFO o.s.b.SpringApplication {logStartupProfileInfo} [main] No active profile set, falling back to 1 default profile: "default"
2025-01-14 12:14:59,016 INFO o.s.d.r.c.RepositoryConfigurationDelegate {registerRepositoriesIn} [main] Bootstrapping Spring Data JPA repositories in DEFAULT mode.
2025-01-14 12:14:59,154 INFO o.s.d.r.c.RepositoryConfigurationDelegate {registerRepositoriesIn} [main] Finished Spring Data repository scanning in 121 ms. Found 5 JPA repository interfaces.
2025-01-14 12:14:59,911 INFO o.s.b.w.e.t.TomcatWebServer {initialize} [main] Tomcat initialized with port 8080 (http)
2025-01-14 12:14:59,932 INFO o.a.j.l.DirectJDKLog {log} [main] Initializing ProtocolHandler ["http-nio-8080"]
2025-01-14 12:14:59,938 INFO o.a.j.l.DirectJDKLog {log} [main] Starting service [Tomcat]
2025-01-14 12:14:59,938 INFO o.a.j.l.DirectJDKLog {log} [main] Starting Servlet engine: [Apache Tomcat/10.1.33]
2025-01-14 12:15:00,046 INFO o.a.j.l.DirectJDKLog {log} [main] Initializing Spring embedded WebApplicationContext
2025-01-14 12:15:00,048 INFO o.s.b.w.s.c.ServletWebServerApplicationContext {prepareWebApplicationContext} [main] Root WebApplicationContext: initialization completed in 2811 ms
2025-01-14 12:15:00,086 INFO c.z.h.HikariDataSource {getConnection} [main] HikariPool-1 - Starting...
2025-01-14 12:15:00,476 INFO c.z.h.p.HikariPool {checkFailFast} [main] HikariPool-1 - Added connection conn0: url=jdbc:h2:file:~/users.db user=SA
2025-01-14 12:15:00,478 INFO c.z.h.HikariDataSource {getConnection} [main] HikariPool-1 - Start completed.
2025-01-14 12:15:00,494 INFO o.s.b.a.h.H2ConsoleAutoConfiguration {logDataSources} [main] H2 console available at '/h2-console'. Database available at 'jdbc:h2:file:~/users.db'
2025-01-14 12:15:00,661 INFO o.h.j.i.u.LogHelper {logPersistenceUnitInformation} [main] HHH000204: Processing PersistenceUnitInfo [name: default]
2025-01-14 12:15:00,751 INFO o.h.Version {logVersion} [main] HHH000412: Hibernate ORM core version 6.6.2.Final
2025-01-14 12:15:00,802 INFO o.h.c.i.RegionFactoryInitiator {initiateService} [main] HHH000026: Second-level cache disabled
2025-01-14 12:15:01,209 INFO o.s.o.j.p.SpringPersistenceUnitInfo {addTransformer} [main] No LoadTimeWeaver setup: ignoring JPA class transformer
2025-01-14 12:15:01,280 WARN o.h.e.j.d.i.DialectFactoryImpl {constructDialect} [main] HHH90000025: H2Dialect does not need to be specified explicitly using 'hibernate.dialect' (remove the property setting and it will be selected by default)
2025-01-14 12:15:01,303 INFO o.h.e.j.e.i.JdbcEnvironmentInitiator {initiateService} [main] HHH10001005: Database info:
	Database JDBC URL [Connecting through datasource 'HikariDataSource (HikariPool-1)']
	Database driver: undefined/unknown
	Database version: 2.3.232
	Autocommit mode: undefined/unknown
	Isolation level: undefined/unknown
	Minimum pool size: undefined/unknown
	Maximum pool size: undefined/unknown
2025-01-14 12:15:02,684 INFO o.h.e.t.j.p.i.JtaPlatformInitiator {initiateService} [main] HHH000489: No JTA platform available (set 'hibernate.transaction.jta.platform' to enable JTA platform integration)
2025-01-14 12:15:02,782 INFO o.s.o.j.AbstractEntityManagerFactoryBean {buildNativeEntityManagerFactory} [main] Initialized JPA EntityManagerFactory for persistence unit 'default'
2025-01-14 12:15:03,348 WARN o.s.b.a.o.j.JpaBaseConfiguration$JpaWebConfiguration {openEntityManagerInViewInterceptor} [main] spring.jpa.open-in-view is enabled by default. Therefore, database queries may be performed during view rendering. Explicitly configure spring.jpa.open-in-view to disable this warning
2025-01-14 12:15:03,812 INFO o.a.j.l.DirectJDKLog {log} [main] Starting ProtocolHandler ["http-nio-8080"]
2025-01-14 12:15:03,867 INFO o.s.b.w.e.t.TomcatWebServer {start} [main] Tomcat started on port 8080 (http) with context path '/'
2025-01-14 12:15:03,877 INFO o.s.b.StartupInfoLogger {logStarted} [main] Started ApieventsApplication in 7.539 seconds (process running for 8.13)
2025-01-14 12:15:18,866 INFO o.a.j.l.DirectJDKLog {log} [http-nio-8080-exec-1] Initializing Spring DispatcherServlet 'dispatcherServlet'
2025-01-14 12:15:18,869 INFO o.s.w.s.FrameworkServlet {initServletBean} [http-nio-8080-exec-1] Initializing Servlet 'dispatcherServlet'
2025-01-14 12:15:18,883 INFO o.s.w.s.FrameworkServlet {initServletBean} [http-nio-8080-exec-1] Completed initialization in 14 ms
2025-01-14 12:15:19,056 INFO c.s.a.c.EventController {getAllEvents} [http-nio-8080-exec-2] BEGIN getAllEvents
2025-01-14 12:15:19,056 INFO c.s.a.c.EventController {getAllEvents} [http-nio-8080-exec-1] BEGIN getAllEvents
2025-01-14 12:15:19,312 INFO c.s.a.c.EventController {getAllEvents} [http-nio-8080-exec-1] END getAllEvents - Total events fetched: 3
2025-01-14 12:15:19,312 INFO c.s.a.c.EventController {getAllEvents} [http-nio-8080-exec-2] END getAllEvents - Total events fetched: 3
2025-01-14 12:15:51,489 INFO c.s.a.c.EventController {getAllEvents} [http-nio-8080-exec-5] BEGIN getAllEvents
2025-01-14 12:15:51,508 INFO c.s.a.c.EventController {getAllEvents} [http-nio-8080-exec-6] BEGIN getAllEvents
2025-01-14 12:15:51,581 INFO c.s.a.c.EventController {getAllEvents} [http-nio-8080-exec-5] END getAllEvents - Total events fetched: 3
2025-01-14 12:15:51,581 INFO c.s.a.c.EventController {getAllEvents} [http-nio-8080-exec-6] END getAllEvents - Total events fetched: 3
2025-01-14 12:15:56,033 INFO c.s.a.c.EventController {getAllEvents} [http-nio-8080-exec-7] BEGIN getAllEvents
2025-01-14 12:15:56,037 INFO c.s.a.c.EventController {getAllEvents} [http-nio-8080-exec-7] END getAllEvents - Total events fetched: 3
2025-01-14 12:15:56,064 INFO c.s.a.c.EventController {getAllEvents} [http-nio-8080-exec-8] BEGIN getAllEvents
2025-01-14 12:15:56,069 INFO c.s.a.c.EventController {getAllEvents} [http-nio-8080-exec-8] END getAllEvents - Total events fetched: 3
2025-01-14 12:16:15,098 INFO c.s.a.c.EventController {getAllEvents} [http-nio-8080-exec-3] BEGIN getAllEvents
2025-01-14 12:16:15,096 INFO c.s.a.c.EventController {getAllEvents} [http-nio-8080-exec-4] BEGIN getAllEvents
2025-01-14 12:16:15,237 INFO c.s.a.c.EventController {getAllEvents} [http-nio-8080-exec-4] END getAllEvents - Total events fetched: 3
2025-01-14 12:16:15,237 INFO c.s.a.c.EventController {getAllEvents} [http-nio-8080-exec-3] END getAllEvents - Total events fetched: 3
2025-01-14 12:18:14,447 INFO c.s.a.c.EventController {getAllEvents} [http-nio-8080-exec-8] BEGIN getAllEvents
2025-01-14 12:18:14,447 INFO c.s.a.c.EventController {getAllEvents} [http-nio-8080-exec-7] BEGIN getAllEvents
2025-01-14 12:18:14,609 INFO c.s.a.c.EventController {getAllEvents} [http-nio-8080-exec-8] END getAllEvents - Total events fetched: 3
2025-01-14 12:18:14,609 INFO c.s.a.c.EventController {getAllEvents} [http-nio-8080-exec-7] END getAllEvents - Total events fetched: 3
2025-01-14 12:27:36,434 INFO c.s.a.c.EventController {getAllEvents} [http-nio-8080-exec-2] BEGIN getAllEvents
2025-01-14 12:27:36,434 INFO c.s.a.c.EventController {getAllEvents} [http-nio-8080-exec-1] BEGIN getAllEvents
2025-01-14 12:27:36,612 INFO c.s.a.c.EventController {getAllEvents} [http-nio-8080-exec-1] END getAllEvents - Total events fetched: 3
2025-01-14 12:27:36,612 INFO c.s.a.c.EventController {getAllEvents} [http-nio-8080-exec-2] END getAllEvents - Total events fetched: 3
2025-01-14 12:32:21,751 INFO c.s.a.c.EventController {getAllEvents} [http-nio-8080-exec-5] BEGIN getAllEvents
2025-01-14 12:32:21,751 INFO c.s.a.c.EventController {getAllEvents} [http-nio-8080-exec-6] BEGIN getAllEvents
2025-01-14 12:32:21,937 INFO c.s.a.c.EventController {getAllEvents} [http-nio-8080-exec-6] END getAllEvents - Total events fetched: 3
2025-01-14 12:32:21,937 INFO c.s.a.c.EventController {getAllEvents} [http-nio-8080-exec-5] END getAllEvents - Total events fetched: 3
2025-01-14 12:35:18,466 INFO c.s.a.c.EventController {getAllEvents} [http-nio-8080-exec-10] BEGIN getAllEvents
2025-01-14 12:35:18,466 INFO c.s.a.c.EventController {getAllEvents} [http-nio-8080-exec-9] BEGIN getAllEvents
2025-01-14 12:35:18,620 INFO c.s.a.c.EventController {getAllEvents} [http-nio-8080-exec-9] END getAllEvents - Total events fetched: 3
2025-01-14 12:35:18,620 INFO c.s.a.c.EventController {getAllEvents} [http-nio-8080-exec-10] END getAllEvents - Total events fetched: 3
2025-01-14 12:44:46,489 INFO c.s.a.c.EventController {getAllEvents} [http-nio-8080-exec-4] BEGIN getAllEvents
2025-01-14 12:44:46,489 INFO c.s.a.c.EventController {getAllEvents} [http-nio-8080-exec-3] BEGIN getAllEvents
2025-01-14 12:44:46,756 INFO c.s.a.c.EventController {getAllEvents} [http-nio-8080-exec-4] END getAllEvents - Total events fetched: 3
2025-01-14 12:44:46,758 INFO c.s.a.c.EventController {getAllEvents} [http-nio-8080-exec-3] END getAllEvents - Total events fetched: 3
2025-01-14 12:45:05,870 INFO c.s.a.c.EventController {getAllEvents} [http-nio-8080-exec-7] BEGIN getAllEvents
2025-01-14 12:45:05,870 INFO c.s.a.c.EventController {getAllEvents} [http-nio-8080-exec-8] BEGIN getAllEvents
2025-01-14 12:45:05,927 INFO c.s.a.c.EventController {getAllEvents} [http-nio-8080-exec-7] END getAllEvents - Total events fetched: 3
2025-01-14 12:45:05,927 INFO c.s.a.c.EventController {getAllEvents} [http-nio-8080-exec-8] END getAllEvents - Total events fetched: 3
2025-01-14 12:49:48,949 INFO c.s.a.c.EventController {getAllEvents} [http-nio-8080-exec-1] BEGIN getAllEvents
2025-01-14 12:49:48,949 INFO c.s.a.c.EventController {getAllEvents} [http-nio-8080-exec-2] BEGIN getAllEvents
2025-01-14 12:49:49,128 INFO c.s.a.c.EventController {getAllEvents} [http-nio-8080-exec-1] END getAllEvents - Total events fetched: 3
2025-01-14 12:49:49,128 INFO c.s.a.c.EventController {getAllEvents} [http-nio-8080-exec-2] END getAllEvents - Total events fetched: 3
2025-01-14 12:52:51,666 INFO c.s.a.c.EventController {getAllEvents} [http-nio-8080-exec-5] BEGIN getAllEvents
2025-01-14 12:52:51,666 INFO c.s.a.c.EventController {getAllEvents} [http-nio-8080-exec-6] BEGIN getAllEvents
2025-01-14 12:52:51,784 INFO c.s.a.c.EventController {getAllEvents} [http-nio-8080-exec-5] END getAllEvents - Total events fetched: 3
2025-01-14 12:52:51,784 INFO c.s.a.c.EventController {getAllEvents} [http-nio-8080-exec-6] END getAllEvents - Total events fetched: 3
2025-01-14 13:25:39,202 WARN c.z.h.p.HikariPool$HouseKeeper {run} [HikariPool-1 housekeeper] HikariPool-1 - Thread starvation or clock leap detected (housekeeper delta=29m38s40ms).
2025-01-14 13:30:00,335 INFO o.s.b.w.e.t.GracefulShutdown {shutDownGracefully} [SpringApplicationShutdownHook] Commencing graceful shutdown. Waiting for active requests to complete
2025-01-14 13:30:00,622 INFO o.s.b.w.e.t.GracefulShutdown {doShutdown} [tomcat-shutdown] Graceful shutdown complete
2025-01-14 13:30:00,675 INFO o.s.o.j.AbstractEntityManagerFactoryBean {destroy} [SpringApplicationShutdownHook] Closing JPA EntityManagerFactory for persistence unit 'default'
2025-01-14 13:30:00,733 INFO c.z.h.HikariDataSource {close} [SpringApplicationShutdownHook] HikariPool-1 - Shutdown initiated...
2025-01-14 13:30:00,754 INFO c.z.h.HikariDataSource {close} [SpringApplicationShutdownHook] HikariPool-1 - Shutdown completed.
2025-01-14 17:28:44,950 INFO o.s.b.StartupInfoLogger {logStarting} [main] Starting ApieventsApplication using Java 23 with PID 10441 (/Users/lauraindia/Desktop/DAM/AccesoDatos/apievents/target/classes started by lauraindia in /Users/lauraindia/Desktop/DAM/AccesoDatos/apievents)
2025-01-14 17:28:44,952 INFO o.s.b.SpringApplication {logStartupProfileInfo} [main] No active profile set, falling back to 1 default profile: "default"
2025-01-14 17:28:45,641 INFO o.s.d.r.c.RepositoryConfigurationDelegate {registerRepositoriesIn} [main] Bootstrapping Spring Data JPA repositories in DEFAULT mode.
2025-01-14 17:28:45,734 INFO o.s.d.r.c.RepositoryConfigurationDelegate {registerRepositoriesIn} [main] Finished Spring Data repository scanning in 79 ms. Found 5 JPA repository interfaces.
2025-01-14 17:28:46,323 INFO o.s.b.w.e.t.TomcatWebServer {initialize} [main] Tomcat initialized with port 8080 (http)
2025-01-14 17:28:46,342 INFO o.a.j.l.DirectJDKLog {log} [main] Initializing ProtocolHandler ["http-nio-8080"]
2025-01-14 17:28:46,347 INFO o.a.j.l.DirectJDKLog {log} [main] Starting service [Tomcat]
2025-01-14 17:28:46,347 INFO o.a.j.l.DirectJDKLog {log} [main] Starting Servlet engine: [Apache Tomcat/10.1.33]
2025-01-14 17:28:46,426 INFO o.a.j.l.DirectJDKLog {log} [main] Initializing Spring embedded WebApplicationContext
2025-01-14 17:28:46,428 INFO o.s.b.w.s.c.ServletWebServerApplicationContext {prepareWebApplicationContext} [main] Root WebApplicationContext: initialization completed in 1412 ms
2025-01-14 17:28:46,466 INFO c.z.h.HikariDataSource {getConnection} [main] HikariPool-1 - Starting...
2025-01-14 17:28:46,853 INFO c.z.h.p.HikariPool {checkFailFast} [main] HikariPool-1 - Added connection conn0: url=jdbc:h2:file:~/users.db user=SA
2025-01-14 17:28:46,856 INFO c.z.h.HikariDataSource {getConnection} [main] HikariPool-1 - Start completed.
2025-01-14 17:28:46,872 INFO o.s.b.a.h.H2ConsoleAutoConfiguration {logDataSources} [main] H2 console available at '/h2-console'. Database available at 'jdbc:h2:file:~/users.db'
2025-01-14 17:28:47,014 INFO o.h.j.i.u.LogHelper {logPersistenceUnitInformation} [main] HHH000204: Processing PersistenceUnitInfo [name: default]
2025-01-14 17:28:47,103 INFO o.h.Version {logVersion} [main] HHH000412: Hibernate ORM core version 6.6.2.Final
2025-01-14 17:28:47,148 INFO o.h.c.i.RegionFactoryInitiator {initiateService} [main] HHH000026: Second-level cache disabled
2025-01-14 17:28:47,534 INFO o.s.o.j.p.SpringPersistenceUnitInfo {addTransformer} [main] No LoadTimeWeaver setup: ignoring JPA class transformer
2025-01-14 17:28:47,617 WARN o.h.e.j.d.i.DialectFactoryImpl {constructDialect} [main] HHH90000025: H2Dialect does not need to be specified explicitly using 'hibernate.dialect' (remove the property setting and it will be selected by default)
2025-01-14 17:28:47,638 INFO o.h.e.j.e.i.JdbcEnvironmentInitiator {initiateService} [main] HHH10001005: Database info:
	Database JDBC URL [Connecting through datasource 'HikariDataSource (HikariPool-1)']
	Database driver: undefined/unknown
	Database version: 2.3.232
	Autocommit mode: undefined/unknown
	Isolation level: undefined/unknown
	Minimum pool size: undefined/unknown
	Maximum pool size: undefined/unknown
2025-01-14 17:28:48,705 INFO o.h.e.t.j.p.i.JtaPlatformInitiator {initiateService} [main] HHH000489: No JTA platform available (set 'hibernate.transaction.jta.platform' to enable JTA platform integration)
2025-01-14 17:28:48,772 INFO o.s.o.j.AbstractEntityManagerFactoryBean {buildNativeEntityManagerFactory} [main] Initialized JPA EntityManagerFactory for persistence unit 'default'
2025-01-14 17:28:49,220 WARN o.s.b.a.o.j.JpaBaseConfiguration$JpaWebConfiguration {openEntityManagerInViewInterceptor} [main] spring.jpa.open-in-view is enabled by default. Therefore, database queries may be performed during view rendering. Explicitly configure spring.jpa.open-in-view to disable this warning
2025-01-14 17:28:49,578 INFO o.a.j.l.DirectJDKLog {log} [main] Starting ProtocolHandler ["http-nio-8080"]
2025-01-14 17:28:49,628 INFO o.s.b.w.e.t.TomcatWebServer {start} [main] Tomcat started on port 8080 (http) with context path '/'
2025-01-14 17:28:49,635 INFO o.s.b.StartupInfoLogger {logStarted} [main] Started ApieventsApplication in 5.341 seconds (process running for 5.74)
2025-01-14 17:29:38,302 INFO o.a.j.l.DirectJDKLog {log} [http-nio-8080-exec-2] Initializing Spring DispatcherServlet 'dispatcherServlet'
2025-01-14 17:29:38,317 INFO o.s.w.s.FrameworkServlet {initServletBean} [http-nio-8080-exec-2] Initializing Servlet 'dispatcherServlet'
2025-01-14 17:29:38,349 INFO o.s.w.s.FrameworkServlet {initServletBean} [http-nio-8080-exec-2] Completed initialization in 31 ms
2025-01-14 17:29:38,772 INFO c.s.a.c.EventController {getAllEvents} [http-nio-8080-exec-2] BEGIN getAllEvents
2025-01-14 17:29:38,772 INFO c.s.a.c.EventController {getAllEvents} [http-nio-8080-exec-1] BEGIN getAllEvents
2025-01-14 17:29:39,298 INFO c.s.a.c.EventController {getAllEvents} [http-nio-8080-exec-1] END getAllEvents - Total events fetched: 3
2025-01-14 17:29:39,298 INFO c.s.a.c.EventController {getAllEvents} [http-nio-8080-exec-2] END getAllEvents - Total events fetched: 3
2025-01-14 17:33:52,144 INFO c.s.a.c.EventController {getAllEvents} [http-nio-8080-exec-5] BEGIN getAllEvents
2025-01-14 17:33:52,144 INFO c.s.a.c.EventController {getAllEvents} [http-nio-8080-exec-6] BEGIN getAllEvents
2025-01-14 17:33:52,262 INFO c.s.a.c.EventController {getAllEvents} [http-nio-8080-exec-5] END getAllEvents - Total events fetched: 3
2025-01-14 17:33:52,262 INFO c.s.a.c.EventController {getAllEvents} [http-nio-8080-exec-6] END getAllEvents - Total events fetched: 3
2025-01-14 17:40:38,541 INFO c.s.a.c.EventController {getAllEvents} [http-nio-8080-exec-2] BEGIN getAllEvents
2025-01-14 17:40:38,541 INFO c.s.a.c.EventController {getAllEvents} [http-nio-8080-exec-1] BEGIN getAllEvents
2025-01-14 17:40:38,765 INFO c.s.a.c.EventController {getAllEvents} [http-nio-8080-exec-2] END getAllEvents - Total events fetched: 3
2025-01-14 17:40:38,765 INFO c.s.a.c.EventController {getAllEvents} [http-nio-8080-exec-1] END getAllEvents - Total events fetched: 3
2025-01-14 17:40:58,445 INFO c.s.a.c.EventController {getAllEvents} [http-nio-8080-exec-6] BEGIN getAllEvents
2025-01-14 17:40:58,445 INFO c.s.a.c.EventController {getAllEvents} [http-nio-8080-exec-5] BEGIN getAllEvents
2025-01-14 17:40:58,563 INFO c.s.a.c.EventController {getAllEvents} [http-nio-8080-exec-5] END getAllEvents - Total events fetched: 3
2025-01-14 17:40:58,563 INFO c.s.a.c.EventController {getAllEvents} [http-nio-8080-exec-6] END getAllEvents - Total events fetched: 3
2025-01-14 17:42:39,198 INFO c.s.a.c.EventController {getAllEvents} [http-nio-8080-exec-9] BEGIN getAllEvents
2025-01-14 17:42:39,198 INFO c.s.a.c.EventController {getAllEvents} [http-nio-8080-exec-10] BEGIN getAllEvents
2025-01-14 17:42:39,321 INFO c.s.a.c.EventController {getAllEvents} [http-nio-8080-exec-10] END getAllEvents - Total events fetched: 3
2025-01-14 17:42:39,321 INFO c.s.a.c.EventController {getAllEvents} [http-nio-8080-exec-9] END getAllEvents - Total events fetched: 3
2025-01-14 17:43:49,003 INFO o.s.b.w.e.t.GracefulShutdown {shutDownGracefully} [SpringApplicationShutdownHook] Commencing graceful shutdown. Waiting for active requests to complete
2025-01-14 17:43:49,390 INFO o.s.b.w.e.t.GracefulShutdown {doShutdown} [tomcat-shutdown] Graceful shutdown complete
2025-01-14 17:43:49,438 INFO o.s.o.j.AbstractEntityManagerFactoryBean {destroy} [SpringApplicationShutdownHook] Closing JPA EntityManagerFactory for persistence unit 'default'
2025-01-14 17:43:49,517 INFO c.z.h.HikariDataSource {close} [SpringApplicationShutdownHook] HikariPool-1 - Shutdown initiated...
2025-01-14 17:43:49,540 INFO c.z.h.HikariDataSource {close} [SpringApplicationShutdownHook] HikariPool-1 - Shutdown completed.
2025-01-14 18:42:54,597 INFO o.s.b.StartupInfoLogger {logStarting} [main] Starting ApieventsApplication using Java 23 with PID 12565 (/Users/lauraindia/Desktop/DAM/AccesoDatos/apievents/target/classes started by lauraindia in /Users/lauraindia/Desktop/DAM/AccesoDatos/apievents)
2025-01-14 18:42:54,603 INFO o.s.b.SpringApplication {logStartupProfileInfo} [main] No active profile set, falling back to 1 default profile: "default"
2025-01-14 18:42:55,914 INFO o.s.d.r.c.RepositoryConfigurationDelegate {registerRepositoriesIn} [main] Bootstrapping Spring Data JPA repositories in DEFAULT mode.
2025-01-14 18:42:56,516 INFO o.s.d.r.c.RepositoryConfigurationDelegate {registerRepositoriesIn} [main] Finished Spring Data repository scanning in 412 ms. Found 5 JPA repository interfaces.
2025-01-14 18:43:00,381 INFO o.s.b.w.e.t.TomcatWebServer {initialize} [main] Tomcat initialized with port 8080 (http)
2025-01-14 18:43:00,449 INFO o.a.j.l.DirectJDKLog {log} [main] Initializing ProtocolHandler ["http-nio-8080"]
2025-01-14 18:43:00,464 INFO o.a.j.l.DirectJDKLog {log} [main] Starting service [Tomcat]
2025-01-14 18:43:00,465 INFO o.a.j.l.DirectJDKLog {log} [main] Starting Servlet engine: [Apache Tomcat/10.1.33]
2025-01-14 18:43:00,867 INFO o.a.j.l.DirectJDKLog {log} [main] Initializing Spring embedded WebApplicationContext
2025-01-14 18:43:00,873 INFO o.s.b.w.s.c.ServletWebServerApplicationContext {prepareWebApplicationContext} [main] Root WebApplicationContext: initialization completed in 6102 ms
2025-01-14 18:43:01,250 INFO c.z.h.HikariDataSource {getConnection} [main] HikariPool-1 - Starting...
2025-01-14 18:43:02,302 INFO c.z.h.p.HikariPool {checkFailFast} [main] HikariPool-1 - Added connection conn0: url=jdbc:h2:file:~/users.db user=SA
2025-01-14 18:43:02,308 INFO c.z.h.HikariDataSource {getConnection} [main] HikariPool-1 - Start completed.
2025-01-14 18:43:02,348 INFO o.s.b.a.h.H2ConsoleAutoConfiguration {logDataSources} [main] H2 console available at '/h2-console'. Database available at 'jdbc:h2:file:~/users.db'
2025-01-14 18:43:02,873 INFO o.h.j.i.u.LogHelper {logPersistenceUnitInformation} [main] HHH000204: Processing PersistenceUnitInfo [name: default]
2025-01-14 18:43:03,383 INFO o.h.Version {logVersion} [main] HHH000412: Hibernate ORM core version 6.6.2.Final
2025-01-14 18:43:04,072 INFO o.h.c.i.RegionFactoryInitiator {initiateService} [main] HHH000026: Second-level cache disabled
2025-01-14 18:43:06,462 INFO o.s.o.j.p.SpringPersistenceUnitInfo {addTransformer} [main] No LoadTimeWeaver setup: ignoring JPA class transformer
2025-01-14 18:43:06,705 WARN o.h.e.j.d.i.DialectFactoryImpl {constructDialect} [main] HHH90000025: H2Dialect does not need to be specified explicitly using 'hibernate.dialect' (remove the property setting and it will be selected by default)
2025-01-14 18:43:06,757 INFO o.h.e.j.e.i.JdbcEnvironmentInitiator {initiateService} [main] HHH10001005: Database info:
	Database JDBC URL [Connecting through datasource 'HikariDataSource (HikariPool-1)']
	Database driver: undefined/unknown
	Database version: 2.3.232
	Autocommit mode: undefined/unknown
	Isolation level: undefined/unknown
	Minimum pool size: undefined/unknown
	Maximum pool size: undefined/unknown
2025-01-14 18:43:09,878 INFO o.h.e.t.j.p.i.JtaPlatformInitiator {initiateService} [main] HHH000489: No JTA platform available (set 'hibernate.transaction.jta.platform' to enable JTA platform integration)
2025-01-14 18:43:10,118 INFO o.s.o.j.AbstractEntityManagerFactoryBean {buildNativeEntityManagerFactory} [main] Initialized JPA EntityManagerFactory for persistence unit 'default'
2025-01-14 18:43:11,022 WARN o.s.b.a.o.j.JpaBaseConfiguration$JpaWebConfiguration {openEntityManagerInViewInterceptor} [main] spring.jpa.open-in-view is enabled by default. Therefore, database queries may be performed during view rendering. Explicitly configure spring.jpa.open-in-view to disable this warning
2025-01-14 18:43:11,804 INFO o.a.j.l.DirectJDKLog {log} [main] Starting ProtocolHandler ["http-nio-8080"]
2025-01-14 18:43:12,005 INFO o.s.b.w.e.t.TomcatWebServer {start} [main] Tomcat started on port 8080 (http) with context path '/'
2025-01-14 18:43:12,021 INFO o.s.b.StartupInfoLogger {logStarted} [main] Started ApieventsApplication in 19.781 seconds (process running for 20.772)
2025-01-14 18:43:13,519 INFO o.a.j.l.DirectJDKLog {log} [http-nio-8080-exec-2] Initializing Spring DispatcherServlet 'dispatcherServlet'
2025-01-14 18:43:13,520 INFO o.s.w.s.FrameworkServlet {initServletBean} [http-nio-8080-exec-2] Initializing Servlet 'dispatcherServlet'
2025-01-14 18:43:13,524 INFO o.s.w.s.FrameworkServlet {initServletBean} [http-nio-8080-exec-2] Completed initialization in 4 ms
2025-01-14 18:43:13,679 INFO c.s.a.c.EventController {getAllEvents} [http-nio-8080-exec-2] BEGIN getAllEvents
2025-01-14 18:43:13,679 INFO c.s.a.c.EventController {getAllEvents} [http-nio-8080-exec-1] BEGIN getAllEvents
2025-01-14 18:43:14,532 INFO c.s.a.c.EventController {getAllEvents} [http-nio-8080-exec-2] END getAllEvents - Total events fetched: 3
2025-01-14 18:43:14,532 INFO c.s.a.c.EventController {getAllEvents} [http-nio-8080-exec-1] END getAllEvents - Total events fetched: 3
2025-01-14 18:44:50,561 INFO c.s.a.c.EventController {getAllEvents} [http-nio-8080-exec-5] BEGIN getAllEvents
2025-01-14 18:44:50,564 INFO c.s.a.c.EventController {getAllEvents} [http-nio-8080-exec-6] BEGIN getAllEvents
2025-01-14 18:44:50,599 INFO c.s.a.c.EventController {getAllEvents} [http-nio-8080-exec-5] END getAllEvents - Total events fetched: 3
2025-01-14 18:44:50,599 INFO c.s.a.c.EventController {getAllEvents} [http-nio-8080-exec-6] END getAllEvents - Total events fetched: 3
2025-01-14 19:03:40,941 INFO c.s.a.c.EventController {getAllEvents} [http-nio-8080-exec-6] BEGIN getAllEvents
2025-01-14 19:03:40,941 INFO c.s.a.c.EventController {getAllEvents} [http-nio-8080-exec-1] BEGIN getAllEvents
2025-01-14 19:03:41,200 INFO c.s.a.c.EventController {getAllEvents} [http-nio-8080-exec-1] END getAllEvents - Total events fetched: 3
2025-01-14 19:03:41,200 INFO c.s.a.c.EventController {getAllEvents} [http-nio-8080-exec-6] END getAllEvents - Total events fetched: 3
2025-01-14 19:05:43,386 INFO c.s.a.c.EventController {getAllEvents} [http-nio-8080-exec-5] BEGIN getAllEvents
2025-01-14 19:05:43,386 INFO c.s.a.c.EventController {getAllEvents} [http-nio-8080-exec-4] BEGIN getAllEvents
2025-01-14 19:05:43,438 INFO c.s.a.c.EventController {getAllEvents} [http-nio-8080-exec-4] END getAllEvents - Total events fetched: 3
2025-01-14 19:05:43,438 INFO c.s.a.c.EventController {getAllEvents} [http-nio-8080-exec-5] END getAllEvents - Total events fetched: 3
2025-01-14 19:18:47,468 INFO c.s.a.c.EventController {getAllEvents} [http-nio-8080-exec-8] BEGIN getAllEvents
2025-01-14 19:18:47,468 INFO c.s.a.c.EventController {getAllEvents} [http-nio-8080-exec-9] BEGIN getAllEvents
2025-01-14 19:18:47,794 INFO c.s.a.c.EventController {getAllEvents} [http-nio-8080-exec-8] END getAllEvents - Total events fetched: 3
2025-01-14 19:18:47,794 INFO c.s.a.c.EventController {getAllEvents} [http-nio-8080-exec-9] END getAllEvents - Total events fetched: 3
2025-01-14 19:34:39,349 INFO o.s.b.w.e.t.GracefulShutdown {shutDownGracefully} [SpringApplicationShutdownHook] Commencing graceful shutdown. Waiting for active requests to complete
2025-01-14 19:34:39,557 INFO o.s.b.w.e.t.GracefulShutdown {doShutdown} [tomcat-shutdown] Graceful shutdown complete
2025-01-14 19:34:39,597 INFO o.s.o.j.AbstractEntityManagerFactoryBean {destroy} [SpringApplicationShutdownHook] Closing JPA EntityManagerFactory for persistence unit 'default'
2025-01-14 19:34:39,686 INFO c.z.h.HikariDataSource {close} [SpringApplicationShutdownHook] HikariPool-1 - Shutdown initiated...
2025-01-14 19:34:39,700 INFO c.z.h.HikariDataSource {close} [SpringApplicationShutdownHook] HikariPool-1 - Shutdown completed.
