2025-03-10 10:11:11,037 INFO o.s.b.StartupInfoLogger {logStarting} [main] Starting ApieventsApplication using Java 23.0.2 with PID 5712 (/Users/lauraindia/Desktop/DAM/AccesoDatos/apievents/target/classes started by lauraindia in /Users/lauraindia/Desktop/DAM/AccesoDatos/apievents)
2025-03-10 10:11:11,041 INFO o.s.b.SpringApplication {logStartupProfileInfo} [main] No active profile set, falling back to 1 default profile: "default"
2025-03-10 10:11:12,335 INFO o.s.d.r.c.RepositoryConfigurationDelegate {registerRepositoriesIn} [main] Bootstrapping Spring Data JPA repositories in DEFAULT mode.
2025-03-10 10:11:12,505 INFO o.s.d.r.c.RepositoryConfigurationDelegate {registerRepositoriesIn} [main] Finished Spring Data repository scanning in 154 ms. Found 5 JPA repository interfaces.
2025-03-10 10:11:13,310 INFO o.s.b.w.e.t.TomcatWebServer {initialize} [main] Tomcat initialized with port 8080 (http)
2025-03-10 10:11:13,338 INFO o.a.j.l.DirectJDKLog {log} [main] Initializing ProtocolHandler ["http-nio-8080"]
2025-03-10 10:11:13,346 INFO o.a.j.l.DirectJDKLog {log} [main] Starting service [Tomcat]
2025-03-10 10:11:13,346 INFO o.a.j.l.DirectJDKLog {log} [main] Starting Servlet engine: [Apache Tomcat/10.1.33]
2025-03-10 10:11:13,492 INFO o.a.j.l.DirectJDKLog {log} [main] Initializing Spring embedded WebApplicationContext
2025-03-10 10:11:13,494 INFO o.s.b.w.s.c.ServletWebServerApplicationContext {prepareWebApplicationContext} [main] Root WebApplicationContext: initialization completed in 2358 ms
2025-03-10 10:11:13,550 INFO c.z.h.HikariDataSource {getConnection} [main] HikariPool-1 - Starting...
2025-03-10 10:11:14,016 INFO c.z.h.p.HikariPool {checkFailFast} [main] HikariPool-1 - Added connection conn0: url=jdbc:h2:file:~/users.db user=SA
2025-03-10 10:11:14,021 INFO c.z.h.HikariDataSource {getConnection} [main] HikariPool-1 - Start completed.
2025-03-10 10:11:14,046 INFO o.s.b.a.h.H2ConsoleAutoConfiguration {logDataSources} [main] H2 console available at '/h2-console'. Database available at 'jdbc:h2:file:~/users.db'
2025-03-10 10:11:14,683 INFO o.h.j.i.u.LogHelper {logPersistenceUnitInformation} [main] HHH000204: Processing PersistenceUnitInfo [name: default]
2025-03-10 10:11:14,946 INFO o.h.Version {logVersion} [main] HHH000412: Hibernate ORM core version 6.6.2.Final
2025-03-10 10:11:15,129 INFO o.h.c.i.RegionFactoryInitiator {initiateService} [main] HHH000026: Second-level cache disabled
2025-03-10 10:11:16,252 INFO o.s.o.j.p.SpringPersistenceUnitInfo {addTransformer} [main] No LoadTimeWeaver setup: ignoring JPA class transformer
2025-03-10 10:11:16,361 WARN o.h.e.j.d.i.DialectFactoryImpl {constructDialect} [main] HHH90000025: H2Dialect does not need to be specified explicitly using 'hibernate.dialect' (remove the property setting and it will be selected by default)
2025-03-10 10:11:16,392 INFO o.h.e.j.e.i.JdbcEnvironmentInitiator {initiateService} [main] HHH10001005: Database info:
	Database JDBC URL [Connecting through datasource 'HikariDataSource (HikariPool-1)']
	Database driver: undefined/unknown
	Database version: 2.3.232
	Autocommit mode: undefined/unknown
	Isolation level: undefined/unknown
	Minimum pool size: undefined/unknown
	Maximum pool size: undefined/unknown
2025-03-10 10:11:19,509 INFO o.h.e.t.j.p.i.JtaPlatformInitiator {initiateService} [main] HHH000489: No JTA platform available (set 'hibernate.transaction.jta.platform' to enable JTA platform integration)
2025-03-10 10:11:19,699 INFO o.s.o.j.AbstractEntityManagerFactoryBean {buildNativeEntityManagerFactory} [main] Initialized JPA EntityManagerFactory for persistence unit 'default'
2025-03-10 10:11:20,783 WARN o.s.b.a.o.j.JpaBaseConfiguration$JpaWebConfiguration {openEntityManagerInViewInterceptor} [main] spring.jpa.open-in-view is enabled by default. Therefore, database queries may be performed during view rendering. Explicitly configure spring.jpa.open-in-view to disable this warning
2025-03-10 10:11:21,426 INFO o.a.j.l.DirectJDKLog {log} [main] Starting ProtocolHandler ["http-nio-8080"]
2025-03-10 10:11:21,473 INFO o.s.b.w.e.t.TomcatWebServer {start} [main] Tomcat started on port 8080 (http) with context path '/'
2025-03-10 10:11:21,482 INFO o.s.b.StartupInfoLogger {logStarted} [main] Started ApieventsApplication in 11.449 seconds (process running for 11.834)
2025-03-10 10:33:55,551 WARN c.z.h.p.HikariPool$HouseKeeper {run} [HikariPool-1 housekeeper] HikariPool-1 - Thread starvation or clock leap detected (housekeeper delta=7m41s159ms).
2025-03-10 10:37:58,193 INFO o.a.j.l.DirectJDKLog {log} [http-nio-8080-exec-2] Initializing Spring DispatcherServlet 'dispatcherServlet'
2025-03-10 10:37:58,195 INFO o.s.w.s.FrameworkServlet {initServletBean} [http-nio-8080-exec-2] Initializing Servlet 'dispatcherServlet'
2025-03-10 10:37:58,234 INFO o.s.w.s.FrameworkServlet {initServletBean} [http-nio-8080-exec-2] Completed initialization in 39 ms
2025-03-10 10:37:58,571 INFO c.s.a.c.EventController {getAllEvents} [http-nio-8080-exec-1] BEGIN getAllEvents
2025-03-10 10:37:58,571 INFO c.s.a.c.EventController {getAllEvents} [http-nio-8080-exec-2] BEGIN getAllEvents
2025-03-10 10:37:59,027 INFO c.s.a.c.EventController {getAllEvents} [http-nio-8080-exec-2] END getAllEvents - Total events fetched: 10
2025-03-10 10:37:59,027 INFO c.s.a.c.EventController {getAllEvents} [http-nio-8080-exec-1] END getAllEvents - Total events fetched: 10
2025-03-10 10:41:33,572 INFO c.s.a.c.EventController {getAllEvents} [http-nio-8080-exec-6] BEGIN getAllEvents
2025-03-10 10:41:33,572 INFO c.s.a.c.EventController {getAllEvents} [http-nio-8080-exec-5] BEGIN getAllEvents
2025-03-10 10:41:33,703 INFO c.s.a.c.EventController {getAllEvents} [http-nio-8080-exec-6] END getAllEvents - Total events fetched: 10
2025-03-10 10:41:33,703 INFO c.s.a.c.EventController {getAllEvents} [http-nio-8080-exec-5] END getAllEvents - Total events fetched: 10
2025-03-10 10:41:34,201 INFO c.s.a.c.EventController {getAllEvents} [http-nio-8080-exec-7] BEGIN getAllEvents
2025-03-10 10:41:34,209 INFO c.s.a.c.EventController {getAllEvents} [http-nio-8080-exec-7] END getAllEvents - Total events fetched: 10
2025-03-10 10:41:34,273 INFO c.s.a.c.EventController {getAllEvents} [http-nio-8080-exec-8] BEGIN getAllEvents
2025-03-10 10:41:34,285 INFO c.s.a.c.EventController {getAllEvents} [http-nio-8080-exec-8] END getAllEvents - Total events fetched: 10
2025-03-10 10:42:28,970 INFO c.s.a.c.EventController {getAllEvents} [http-nio-8080-exec-9] BEGIN getAllEvents
2025-03-10 10:42:29,050 INFO c.s.a.c.EventController {getAllEvents} [http-nio-8080-exec-9] END getAllEvents - Total events fetched: 10
2025-03-10 10:43:12,070 WARN o.s.w.s.h.AbstractHandlerExceptionResolver {logException} [http-nio-8080-exec-4] Resolved [org.springframework.web.HttpRequestMethodNotSupportedException: Request method 'POST' is not supported]
2025-03-10 10:47:21,808 INFO o.s.b.w.e.t.GracefulShutdown {shutDownGracefully} [SpringApplicationShutdownHook] Commencing graceful shutdown. Waiting for active requests to complete
2025-03-10 10:47:21,964 INFO o.s.b.w.e.t.GracefulShutdown {doShutdown} [tomcat-shutdown] Graceful shutdown complete
2025-03-10 10:47:22,000 INFO o.s.o.j.AbstractEntityManagerFactoryBean {destroy} [SpringApplicationShutdownHook] Closing JPA EntityManagerFactory for persistence unit 'default'
2025-03-10 10:47:22,053 INFO c.z.h.HikariDataSource {close} [SpringApplicationShutdownHook] HikariPool-1 - Shutdown initiated...
2025-03-10 10:47:22,067 INFO c.z.h.HikariDataSource {close} [SpringApplicationShutdownHook] HikariPool-1 - Shutdown completed.
2025-03-10 10:47:36,417 INFO o.s.b.StartupInfoLogger {logStarting} [main] Starting ApieventsApplication using Java 23.0.2 with PID 6170 (/Users/lauraindia/Desktop/DAM/AccesoDatos/apievents/target/classes started by lauraindia in /Users/lauraindia/Desktop/DAM/AccesoDatos/apievents)
2025-03-10 10:47:36,425 INFO o.s.b.SpringApplication {logStartupProfileInfo} [main] No active profile set, falling back to 1 default profile: "default"
2025-03-10 10:47:37,227 INFO o.s.d.r.c.RepositoryConfigurationDelegate {registerRepositoriesIn} [main] Bootstrapping Spring Data JPA repositories in DEFAULT mode.
2025-03-10 10:47:37,347 INFO o.s.d.r.c.RepositoryConfigurationDelegate {registerRepositoriesIn} [main] Finished Spring Data repository scanning in 90 ms. Found 5 JPA repository interfaces.
2025-03-10 10:47:38,011 INFO o.s.b.w.e.t.TomcatWebServer {initialize} [main] Tomcat initialized with port 8080 (http)
2025-03-10 10:47:38,030 INFO o.a.j.l.DirectJDKLog {log} [main] Initializing ProtocolHandler ["http-nio-8080"]
2025-03-10 10:47:38,034 INFO o.a.j.l.DirectJDKLog {log} [main] Starting service [Tomcat]
2025-03-10 10:47:38,034 INFO o.a.j.l.DirectJDKLog {log} [main] Starting Servlet engine: [Apache Tomcat/10.1.33]
2025-03-10 10:47:38,106 INFO o.a.j.l.DirectJDKLog {log} [main] Initializing Spring embedded WebApplicationContext
2025-03-10 10:47:38,108 INFO o.s.b.w.s.c.ServletWebServerApplicationContext {prepareWebApplicationContext} [main] Root WebApplicationContext: initialization completed in 1616 ms
2025-03-10 10:47:38,157 INFO c.z.h.HikariDataSource {getConnection} [main] HikariPool-1 - Starting...
2025-03-10 10:47:38,422 INFO c.z.h.p.HikariPool {checkFailFast} [main] HikariPool-1 - Added connection conn0: url=jdbc:h2:file:~/users.db user=SA
2025-03-10 10:47:38,424 INFO c.z.h.HikariDataSource {getConnection} [main] HikariPool-1 - Start completed.
2025-03-10 10:47:38,436 INFO o.s.b.a.h.H2ConsoleAutoConfiguration {logDataSources} [main] H2 console available at '/h2-console'. Database available at 'jdbc:h2:file:~/users.db'
2025-03-10 10:47:38,580 INFO o.h.j.i.u.LogHelper {logPersistenceUnitInformation} [main] HHH000204: Processing PersistenceUnitInfo [name: default]
2025-03-10 10:47:38,700 INFO o.h.Version {logVersion} [main] HHH000412: Hibernate ORM core version 6.6.2.Final
2025-03-10 10:47:38,760 INFO o.h.c.i.RegionFactoryInitiator {initiateService} [main] HHH000026: Second-level cache disabled
2025-03-10 10:47:39,118 INFO o.s.o.j.p.SpringPersistenceUnitInfo {addTransformer} [main] No LoadTimeWeaver setup: ignoring JPA class transformer
2025-03-10 10:47:39,179 WARN o.h.e.j.d.i.DialectFactoryImpl {constructDialect} [main] HHH90000025: H2Dialect does not need to be specified explicitly using 'hibernate.dialect' (remove the property setting and it will be selected by default)
2025-03-10 10:47:39,197 INFO o.h.e.j.e.i.JdbcEnvironmentInitiator {initiateService} [main] HHH10001005: Database info:
	Database JDBC URL [Connecting through datasource 'HikariDataSource (HikariPool-1)']
	Database driver: undefined/unknown
	Database version: 2.3.232
	Autocommit mode: undefined/unknown
	Isolation level: undefined/unknown
	Minimum pool size: undefined/unknown
	Maximum pool size: undefined/unknown
2025-03-10 10:47:40,360 INFO o.h.e.t.j.p.i.JtaPlatformInitiator {initiateService} [main] HHH000489: No JTA platform available (set 'hibernate.transaction.jta.platform' to enable JTA platform integration)
2025-03-10 10:47:40,427 INFO o.s.o.j.AbstractEntityManagerFactoryBean {buildNativeEntityManagerFactory} [main] Initialized JPA EntityManagerFactory for persistence unit 'default'
2025-03-10 10:47:40,920 WARN o.s.b.a.o.j.JpaBaseConfiguration$JpaWebConfiguration {openEntityManagerInViewInterceptor} [main] spring.jpa.open-in-view is enabled by default. Therefore, database queries may be performed during view rendering. Explicitly configure spring.jpa.open-in-view to disable this warning
2025-03-10 10:47:41,296 INFO o.a.j.l.DirectJDKLog {log} [main] Starting ProtocolHandler ["http-nio-8080"]
2025-03-10 10:47:41,328 INFO o.s.b.w.e.t.TomcatWebServer {start} [main] Tomcat started on port 8080 (http) with context path '/'
2025-03-10 10:47:41,337 INFO o.s.b.StartupInfoLogger {logStarted} [main] Started ApieventsApplication in 5.624 seconds (process running for 6.217)
2025-03-10 10:49:06,817 INFO o.a.j.l.DirectJDKLog {log} [http-nio-8080-exec-2] Initializing Spring DispatcherServlet 'dispatcherServlet'
2025-03-10 10:49:06,819 INFO o.s.w.s.FrameworkServlet {initServletBean} [http-nio-8080-exec-2] Initializing Servlet 'dispatcherServlet'
2025-03-10 10:49:06,828 INFO o.s.w.s.FrameworkServlet {initServletBean} [http-nio-8080-exec-2] Completed initialization in 8 ms
2025-03-10 10:49:06,899 INFO c.s.a.c.EventController {getAllEvents} [http-nio-8080-exec-2] BEGIN getAllEvents
2025-03-10 10:49:06,899 INFO c.s.a.c.EventController {getAllEvents} [http-nio-8080-exec-1] BEGIN getAllEvents
2025-03-10 10:49:07,152 INFO c.s.a.c.EventController {getAllEvents} [http-nio-8080-exec-1] END getAllEvents - Total events fetched: 10
2025-03-10 10:49:07,152 INFO c.s.a.c.EventController {getAllEvents} [http-nio-8080-exec-2] END getAllEvents - Total events fetched: 10
2025-03-10 10:54:19,621 WARN o.s.w.s.h.AbstractHandlerExceptionResolver {logException} [http-nio-8080-exec-5] Resolved [org.springframework.web.HttpRequestMethodNotSupportedException: Request method 'POST' is not supported]
2025-03-10 10:59:48,283 INFO o.s.b.w.e.t.GracefulShutdown {shutDownGracefully} [SpringApplicationShutdownHook] Commencing graceful shutdown. Waiting for active requests to complete
2025-03-10 10:59:48,373 INFO o.s.b.w.e.t.GracefulShutdown {doShutdown} [tomcat-shutdown] Graceful shutdown complete
2025-03-10 10:59:48,400 INFO o.s.o.j.AbstractEntityManagerFactoryBean {destroy} [SpringApplicationShutdownHook] Closing JPA EntityManagerFactory for persistence unit 'default'
2025-03-10 10:59:48,437 INFO c.z.h.HikariDataSource {close} [SpringApplicationShutdownHook] HikariPool-1 - Shutdown initiated...
2025-03-10 10:59:48,458 INFO c.z.h.HikariDataSource {close} [SpringApplicationShutdownHook] HikariPool-1 - Shutdown completed.
2025-03-10 10:59:55,441 INFO o.s.b.StartupInfoLogger {logStarting} [main] Starting ApieventsApplication using Java 23.0.2 with PID 6331 (/Users/lauraindia/Desktop/DAM/AccesoDatos/apievents/target/classes started by lauraindia in /Users/lauraindia/Desktop/DAM/AccesoDatos/apievents)
2025-03-10 10:59:55,443 INFO o.s.b.SpringApplication {logStartupProfileInfo} [main] No active profile set, falling back to 1 default profile: "default"
2025-03-10 10:59:56,216 INFO o.s.d.r.c.RepositoryConfigurationDelegate {registerRepositoriesIn} [main] Bootstrapping Spring Data JPA repositories in DEFAULT mode.
2025-03-10 10:59:56,363 INFO o.s.d.r.c.RepositoryConfigurationDelegate {registerRepositoriesIn} [main] Finished Spring Data repository scanning in 112 ms. Found 5 JPA repository interfaces.
2025-03-10 10:59:56,926 INFO o.s.b.w.e.t.TomcatWebServer {initialize} [main] Tomcat initialized with port 8080 (http)
2025-03-10 10:59:56,942 INFO o.a.j.l.DirectJDKLog {log} [main] Initializing ProtocolHandler ["http-nio-8080"]
2025-03-10 10:59:56,946 INFO o.a.j.l.DirectJDKLog {log} [main] Starting service [Tomcat]
2025-03-10 10:59:56,946 INFO o.a.j.l.DirectJDKLog {log} [main] Starting Servlet engine: [Apache Tomcat/10.1.33]
2025-03-10 10:59:57,015 INFO o.a.j.l.DirectJDKLog {log} [main] Initializing Spring embedded WebApplicationContext
2025-03-10 10:59:57,017 INFO o.s.b.w.s.c.ServletWebServerApplicationContext {prepareWebApplicationContext} [main] Root WebApplicationContext: initialization completed in 1496 ms
2025-03-10 10:59:57,067 INFO c.z.h.HikariDataSource {getConnection} [main] HikariPool-1 - Starting...
2025-03-10 10:59:57,346 INFO c.z.h.p.HikariPool {checkFailFast} [main] HikariPool-1 - Added connection conn0: url=jdbc:h2:file:~/users.db user=SA
2025-03-10 10:59:57,348 INFO c.z.h.HikariDataSource {getConnection} [main] HikariPool-1 - Start completed.
2025-03-10 10:59:57,360 INFO o.s.b.a.h.H2ConsoleAutoConfiguration {logDataSources} [main] H2 console available at '/h2-console'. Database available at 'jdbc:h2:file:~/users.db'
2025-03-10 10:59:57,506 INFO o.h.j.i.u.LogHelper {logPersistenceUnitInformation} [main] HHH000204: Processing PersistenceUnitInfo [name: default]
2025-03-10 10:59:57,599 INFO o.h.Version {logVersion} [main] HHH000412: Hibernate ORM core version 6.6.2.Final
2025-03-10 10:59:57,676 INFO o.h.c.i.RegionFactoryInitiator {initiateService} [main] HHH000026: Second-level cache disabled
2025-03-10 10:59:58,068 INFO o.s.o.j.p.SpringPersistenceUnitInfo {addTransformer} [main] No LoadTimeWeaver setup: ignoring JPA class transformer
2025-03-10 10:59:58,136 WARN o.h.e.j.d.i.DialectFactoryImpl {constructDialect} [main] HHH90000025: H2Dialect does not need to be specified explicitly using 'hibernate.dialect' (remove the property setting and it will be selected by default)
2025-03-10 10:59:58,154 INFO o.h.e.j.e.i.JdbcEnvironmentInitiator {initiateService} [main] HHH10001005: Database info:
	Database JDBC URL [Connecting through datasource 'HikariDataSource (HikariPool-1)']
	Database driver: undefined/unknown
	Database version: 2.3.232
	Autocommit mode: undefined/unknown
	Isolation level: undefined/unknown
	Minimum pool size: undefined/unknown
	Maximum pool size: undefined/unknown
2025-03-10 10:59:59,176 INFO o.h.e.t.j.p.i.JtaPlatformInitiator {initiateService} [main] HHH000489: No JTA platform available (set 'hibernate.transaction.jta.platform' to enable JTA platform integration)
2025-03-10 10:59:59,234 INFO o.s.o.j.AbstractEntityManagerFactoryBean {buildNativeEntityManagerFactory} [main] Initialized JPA EntityManagerFactory for persistence unit 'default'
2025-03-10 10:59:59,705 WARN o.s.b.a.o.j.JpaBaseConfiguration$JpaWebConfiguration {openEntityManagerInViewInterceptor} [main] spring.jpa.open-in-view is enabled by default. Therefore, database queries may be performed during view rendering. Explicitly configure spring.jpa.open-in-view to disable this warning
2025-03-10 11:00:00,098 INFO o.a.j.l.DirectJDKLog {log} [main] Starting ProtocolHandler ["http-nio-8080"]
2025-03-10 11:00:00,131 INFO o.s.b.w.e.t.TomcatWebServer {start} [main] Tomcat started on port 8080 (http) with context path '/'
2025-03-10 11:00:00,137 INFO o.s.b.StartupInfoLogger {logStarted} [main] Started ApieventsApplication in 5.346 seconds (process running for 5.754)
2025-03-10 11:00:05,134 INFO o.a.j.l.DirectJDKLog {log} [http-nio-8080-exec-1] Initializing Spring DispatcherServlet 'dispatcherServlet'
2025-03-10 11:00:05,134 INFO o.s.w.s.FrameworkServlet {initServletBean} [http-nio-8080-exec-1] Initializing Servlet 'dispatcherServlet'
2025-03-10 11:00:05,137 INFO o.s.w.s.FrameworkServlet {initServletBean} [http-nio-8080-exec-1] Completed initialization in 2 ms
2025-03-10 11:00:05,183 INFO c.s.a.c.EventController {getAllEvents} [http-nio-8080-exec-1] BEGIN getAllEvents
2025-03-10 11:00:05,396 INFO c.s.a.c.EventController {getAllEvents} [http-nio-8080-exec-1] END getAllEvents - Total events fetched: 10
2025-03-10 11:00:40,584 INFO o.s.b.w.e.t.GracefulShutdown {shutDownGracefully} [SpringApplicationShutdownHook] Commencing graceful shutdown. Waiting for active requests to complete
2025-03-10 11:00:40,635 INFO o.s.b.w.e.t.GracefulShutdown {doShutdown} [tomcat-shutdown] Graceful shutdown complete
2025-03-10 11:00:40,663 INFO o.s.o.j.AbstractEntityManagerFactoryBean {destroy} [SpringApplicationShutdownHook] Closing JPA EntityManagerFactory for persistence unit 'default'
2025-03-10 11:00:40,679 INFO c.z.h.HikariDataSource {close} [SpringApplicationShutdownHook] HikariPool-1 - Shutdown initiated...
2025-03-10 11:00:40,691 INFO c.z.h.HikariDataSource {close} [SpringApplicationShutdownHook] HikariPool-1 - Shutdown completed.
2025-03-10 11:00:49,529 INFO o.s.b.StartupInfoLogger {logStarting} [main] Starting ApieventsApplication using Java 23.0.2 with PID 6363 (/Users/lauraindia/Desktop/DAM/AccesoDatos/apievents/target/classes started by lauraindia in /Users/lauraindia/Desktop/DAM/AccesoDatos/apievents)
2025-03-10 11:00:49,530 INFO o.s.b.SpringApplication {logStartupProfileInfo} [main] No active profile set, falling back to 1 default profile: "default"
2025-03-10 11:00:50,202 INFO o.s.d.r.c.RepositoryConfigurationDelegate {registerRepositoriesIn} [main] Bootstrapping Spring Data JPA repositories in DEFAULT mode.
2025-03-10 11:00:50,285 INFO o.s.d.r.c.RepositoryConfigurationDelegate {registerRepositoriesIn} [main] Finished Spring Data repository scanning in 72 ms. Found 5 JPA repository interfaces.
2025-03-10 11:00:50,828 INFO o.s.b.w.e.t.TomcatWebServer {initialize} [main] Tomcat initialized with port 8080 (http)
2025-03-10 11:00:50,844 INFO o.a.j.l.DirectJDKLog {log} [main] Initializing ProtocolHandler ["http-nio-8080"]
2025-03-10 11:00:50,847 INFO o.a.j.l.DirectJDKLog {log} [main] Starting service [Tomcat]
2025-03-10 11:00:50,847 INFO o.a.j.l.DirectJDKLog {log} [main] Starting Servlet engine: [Apache Tomcat/10.1.33]
2025-03-10 11:00:50,912 INFO o.a.j.l.DirectJDKLog {log} [main] Initializing Spring embedded WebApplicationContext
2025-03-10 11:00:50,914 INFO o.s.b.w.s.c.ServletWebServerApplicationContext {prepareWebApplicationContext} [main] Root WebApplicationContext: initialization completed in 1330 ms
2025-03-10 11:00:50,942 INFO c.z.h.HikariDataSource {getConnection} [main] HikariPool-1 - Starting...
2025-03-10 11:00:51,211 INFO c.z.h.p.HikariPool {checkFailFast} [main] HikariPool-1 - Added connection conn0: url=jdbc:h2:file:~/users.db user=SA
2025-03-10 11:00:51,213 INFO c.z.h.HikariDataSource {getConnection} [main] HikariPool-1 - Start completed.
2025-03-10 11:00:51,225 INFO o.s.b.a.h.H2ConsoleAutoConfiguration {logDataSources} [main] H2 console available at '/h2-console'. Database available at 'jdbc:h2:file:~/users.db'
2025-03-10 11:00:51,359 INFO o.h.j.i.u.LogHelper {logPersistenceUnitInformation} [main] HHH000204: Processing PersistenceUnitInfo [name: default]
2025-03-10 11:00:51,449 INFO o.h.Version {logVersion} [main] HHH000412: Hibernate ORM core version 6.6.2.Final
2025-03-10 11:00:51,496 INFO o.h.c.i.RegionFactoryInitiator {initiateService} [main] HHH000026: Second-level cache disabled
2025-03-10 11:00:51,827 INFO o.s.o.j.p.SpringPersistenceUnitInfo {addTransformer} [main] No LoadTimeWeaver setup: ignoring JPA class transformer
2025-03-10 11:00:51,886 WARN o.h.e.j.d.i.DialectFactoryImpl {constructDialect} [main] HHH90000025: H2Dialect does not need to be specified explicitly using 'hibernate.dialect' (remove the property setting and it will be selected by default)
2025-03-10 11:00:51,903 INFO o.h.e.j.e.i.JdbcEnvironmentInitiator {initiateService} [main] HHH10001005: Database info:
	Database JDBC URL [Connecting through datasource 'HikariDataSource (HikariPool-1)']
	Database driver: undefined/unknown
	Database version: 2.3.232
	Autocommit mode: undefined/unknown
	Isolation level: undefined/unknown
	Minimum pool size: undefined/unknown
	Maximum pool size: undefined/unknown
2025-03-10 11:00:52,885 INFO o.h.e.t.j.p.i.JtaPlatformInitiator {initiateService} [main] HHH000489: No JTA platform available (set 'hibernate.transaction.jta.platform' to enable JTA platform integration)
2025-03-10 11:00:52,950 INFO o.s.o.j.AbstractEntityManagerFactoryBean {buildNativeEntityManagerFactory} [main] Initialized JPA EntityManagerFactory for persistence unit 'default'
2025-03-10 11:00:53,417 WARN o.s.b.a.o.j.JpaBaseConfiguration$JpaWebConfiguration {openEntityManagerInViewInterceptor} [main] spring.jpa.open-in-view is enabled by default. Therefore, database queries may be performed during view rendering. Explicitly configure spring.jpa.open-in-view to disable this warning
2025-03-10 11:00:53,774 INFO o.a.j.l.DirectJDKLog {log} [main] Starting ProtocolHandler ["http-nio-8080"]
2025-03-10 11:00:53,809 INFO o.s.b.w.e.t.TomcatWebServer {start} [main] Tomcat started on port 8080 (http) with context path '/'
2025-03-10 11:00:53,817 INFO o.s.b.StartupInfoLogger {logStarted} [main] Started ApieventsApplication in 4.949 seconds (process running for 5.384)
2025-03-10 11:00:59,388 INFO o.a.j.l.DirectJDKLog {log} [http-nio-8080-exec-1] Initializing Spring DispatcherServlet 'dispatcherServlet'
2025-03-10 11:00:59,402 INFO o.s.w.s.FrameworkServlet {initServletBean} [http-nio-8080-exec-1] Initializing Servlet 'dispatcherServlet'
2025-03-10 11:00:59,405 INFO o.s.w.s.FrameworkServlet {initServletBean} [http-nio-8080-exec-1] Completed initialization in 2 ms
2025-03-10 11:00:59,565 INFO c.s.a.c.EventController {addEvent} [http-nio-8080-exec-1] BEGIN addEvent - Adding new event: Prueba Android
2025-03-10 11:00:59,722 INFO c.s.a.c.EventController {addEvent} [http-nio-8080-exec-1] END addEvent - Event added with ID: 15
2025-03-10 11:01:28,560 INFO o.s.b.w.e.t.GracefulShutdown {shutDownGracefully} [SpringApplicationShutdownHook] Commencing graceful shutdown. Waiting for active requests to complete
2025-03-10 11:01:28,609 INFO o.s.b.w.e.t.GracefulShutdown {doShutdown} [tomcat-shutdown] Graceful shutdown complete
2025-03-10 11:01:28,634 INFO o.s.o.j.AbstractEntityManagerFactoryBean {destroy} [SpringApplicationShutdownHook] Closing JPA EntityManagerFactory for persistence unit 'default'
2025-03-10 11:01:28,652 INFO c.z.h.HikariDataSource {close} [SpringApplicationShutdownHook] HikariPool-1 - Shutdown initiated...
2025-03-10 11:01:28,670 INFO c.z.h.HikariDataSource {close} [SpringApplicationShutdownHook] HikariPool-1 - Shutdown completed.
2025-03-10 11:02:19,330 INFO o.s.b.StartupInfoLogger {logStarting} [main] Starting ApieventsApplication using Java 23.0.2 with PID 6398 (/Users/lauraindia/Desktop/DAM/AccesoDatos/apievents/target/classes started by lauraindia in /Users/lauraindia/Desktop/DAM/AccesoDatos/apievents)
2025-03-10 11:02:19,333 INFO o.s.b.SpringApplication {logStartupProfileInfo} [main] No active profile set, falling back to 1 default profile: "default"
2025-03-10 11:02:20,050 INFO o.s.d.r.c.RepositoryConfigurationDelegate {registerRepositoriesIn} [main] Bootstrapping Spring Data JPA repositories in DEFAULT mode.
2025-03-10 11:02:20,146 INFO o.s.d.r.c.RepositoryConfigurationDelegate {registerRepositoriesIn} [main] Finished Spring Data repository scanning in 75 ms. Found 5 JPA repository interfaces.
2025-03-10 11:02:20,759 INFO o.s.b.w.e.t.TomcatWebServer {initialize} [main] Tomcat initialized with port 8080 (http)
2025-03-10 11:02:20,783 INFO o.a.j.l.DirectJDKLog {log} [main] Initializing ProtocolHandler ["http-nio-8080"]
2025-03-10 11:02:20,787 INFO o.a.j.l.DirectJDKLog {log} [main] Starting service [Tomcat]
2025-03-10 11:02:20,788 INFO o.a.j.l.DirectJDKLog {log} [main] Starting Servlet engine: [Apache Tomcat/10.1.33]
2025-03-10 11:02:20,874 INFO o.a.j.l.DirectJDKLog {log} [main] Initializing Spring embedded WebApplicationContext
2025-03-10 11:02:20,876 INFO o.s.b.w.s.c.ServletWebServerApplicationContext {prepareWebApplicationContext} [main] Root WebApplicationContext: initialization completed in 1472 ms
2025-03-10 11:02:20,924 INFO c.z.h.HikariDataSource {getConnection} [main] HikariPool-1 - Starting...
2025-03-10 11:02:21,258 INFO c.z.h.p.HikariPool {checkFailFast} [main] HikariPool-1 - Added connection conn0: url=jdbc:h2:file:~/users.db user=SA
2025-03-10 11:02:21,260 INFO c.z.h.HikariDataSource {getConnection} [main] HikariPool-1 - Start completed.
2025-03-10 11:02:21,274 INFO o.s.b.a.h.H2ConsoleAutoConfiguration {logDataSources} [main] H2 console available at '/h2-console'. Database available at 'jdbc:h2:file:~/users.db'
2025-03-10 11:02:21,433 INFO o.h.j.i.u.LogHelper {logPersistenceUnitInformation} [main] HHH000204: Processing PersistenceUnitInfo [name: default]
2025-03-10 11:02:21,506 INFO o.h.Version {logVersion} [main] HHH000412: Hibernate ORM core version 6.6.2.Final
2025-03-10 11:02:21,552 INFO o.h.c.i.RegionFactoryInitiator {initiateService} [main] HHH000026: Second-level cache disabled
2025-03-10 11:02:21,890 INFO o.s.o.j.p.SpringPersistenceUnitInfo {addTransformer} [main] No LoadTimeWeaver setup: ignoring JPA class transformer
2025-03-10 11:02:21,945 WARN o.h.e.j.d.i.DialectFactoryImpl {constructDialect} [main] HHH90000025: H2Dialect does not need to be specified explicitly using 'hibernate.dialect' (remove the property setting and it will be selected by default)
2025-03-10 11:02:21,962 INFO o.h.e.j.e.i.JdbcEnvironmentInitiator {initiateService} [main] HHH10001005: Database info:
	Database JDBC URL [Connecting through datasource 'HikariDataSource (HikariPool-1)']
	Database driver: undefined/unknown
	Database version: 2.3.232
	Autocommit mode: undefined/unknown
	Isolation level: undefined/unknown
	Minimum pool size: undefined/unknown
	Maximum pool size: undefined/unknown
2025-03-10 11:02:23,102 INFO o.h.e.t.j.p.i.JtaPlatformInitiator {initiateService} [main] HHH000489: No JTA platform available (set 'hibernate.transaction.jta.platform' to enable JTA platform integration)
2025-03-10 11:02:23,170 INFO o.s.o.j.AbstractEntityManagerFactoryBean {buildNativeEntityManagerFactory} [main] Initialized JPA EntityManagerFactory for persistence unit 'default'
2025-03-10 11:02:23,673 WARN o.s.b.a.o.j.JpaBaseConfiguration$JpaWebConfiguration {openEntityManagerInViewInterceptor} [main] spring.jpa.open-in-view is enabled by default. Therefore, database queries may be performed during view rendering. Explicitly configure spring.jpa.open-in-view to disable this warning
2025-03-10 11:02:24,020 INFO o.a.j.l.DirectJDKLog {log} [main] Starting ProtocolHandler ["http-nio-8080"]
2025-03-10 11:02:24,053 INFO o.s.b.w.e.t.TomcatWebServer {start} [main] Tomcat started on port 8080 (http) with context path '/'
2025-03-10 11:02:24,061 INFO o.s.b.StartupInfoLogger {logStarted} [main] Started ApieventsApplication in 5.556 seconds (process running for 6.011)
2025-03-10 11:03:02,812 INFO o.a.j.l.DirectJDKLog {log} [http-nio-8080-exec-1] Initializing Spring DispatcherServlet 'dispatcherServlet'
2025-03-10 11:03:02,812 INFO o.s.w.s.FrameworkServlet {initServletBean} [http-nio-8080-exec-1] Initializing Servlet 'dispatcherServlet'
2025-03-10 11:03:02,813 INFO o.s.w.s.FrameworkServlet {initServletBean} [http-nio-8080-exec-1] Completed initialization in 0 ms
2025-03-10 11:03:02,991 INFO c.s.a.c.EventController {addEvent} [http-nio-8080-exec-1] BEGIN addEvent - Adding new event: Prueba Android-2
2025-03-10 11:03:03,165 INFO c.s.a.c.EventController {addEvent} [http-nio-8080-exec-1] END addEvent - Event added with ID: 16
2025-03-10 11:03:53,322 INFO c.s.a.c.EventController {getAllEvents} [http-nio-8080-exec-3] BEGIN getAllEvents
2025-03-10 11:03:53,352 INFO c.s.a.c.EventController {getAllEvents} [http-nio-8080-exec-4] BEGIN getAllEvents
2025-03-10 11:03:53,979 INFO c.s.a.c.EventController {getAllEvents} [http-nio-8080-exec-3] END getAllEvents - Total events fetched: 12
2025-03-10 11:03:53,979 INFO c.s.a.c.EventController {getAllEvents} [http-nio-8080-exec-4] END getAllEvents - Total events fetched: 12
2025-03-10 11:05:37,218 WARN o.s.w.s.h.AbstractHandlerExceptionResolver {logException} [http-nio-8080-exec-8] Resolved [org.springframework.web.HttpRequestMethodNotSupportedException: Request method 'POST' is not supported]
2025-03-10 11:21:02,877 INFO o.s.b.w.e.t.GracefulShutdown {shutDownGracefully} [SpringApplicationShutdownHook] Commencing graceful shutdown. Waiting for active requests to complete
2025-03-10 11:21:03,221 INFO o.s.b.w.e.t.GracefulShutdown {doShutdown} [tomcat-shutdown] Graceful shutdown complete
2025-03-10 11:21:03,283 INFO o.s.o.j.AbstractEntityManagerFactoryBean {destroy} [SpringApplicationShutdownHook] Closing JPA EntityManagerFactory for persistence unit 'default'
2025-03-10 11:21:03,338 INFO c.z.h.HikariDataSource {close} [SpringApplicationShutdownHook] HikariPool-1 - Shutdown initiated...
2025-03-10 11:21:03,356 INFO c.z.h.HikariDataSource {close} [SpringApplicationShutdownHook] HikariPool-1 - Shutdown completed.
2025-03-10 11:23:06,342 INFO o.s.b.StartupInfoLogger {logStarting} [main] Starting ApieventsApplication using Java 23.0.2 with PID 6927 (/Users/lauraindia/Desktop/DAM/AccesoDatos/apievents/target/classes started by lauraindia in /Users/lauraindia/Desktop/DAM/AccesoDatos/apievents)
2025-03-10 11:23:06,344 INFO o.s.b.SpringApplication {logStartupProfileInfo} [main] No active profile set, falling back to 1 default profile: "default"
2025-03-10 11:23:07,024 INFO o.s.d.r.c.RepositoryConfigurationDelegate {registerRepositoriesIn} [main] Bootstrapping Spring Data JPA repositories in DEFAULT mode.
2025-03-10 11:23:07,110 INFO o.s.d.r.c.RepositoryConfigurationDelegate {registerRepositoriesIn} [main] Finished Spring Data repository scanning in 65 ms. Found 5 JPA repository interfaces.
2025-03-10 11:23:07,659 INFO o.s.b.w.e.t.TomcatWebServer {initialize} [main] Tomcat initialized with port 8080 (http)
2025-03-10 11:23:07,678 INFO o.a.j.l.DirectJDKLog {log} [main] Initializing ProtocolHandler ["http-nio-8080"]
2025-03-10 11:23:07,682 INFO o.a.j.l.DirectJDKLog {log} [main] Starting service [Tomcat]
2025-03-10 11:23:07,682 INFO o.a.j.l.DirectJDKLog {log} [main] Starting Servlet engine: [Apache Tomcat/10.1.33]
2025-03-10 11:23:07,749 INFO o.a.j.l.DirectJDKLog {log} [main] Initializing Spring embedded WebApplicationContext
2025-03-10 11:23:07,750 INFO o.s.b.w.s.c.ServletWebServerApplicationContext {prepareWebApplicationContext} [main] Root WebApplicationContext: initialization completed in 1349 ms
2025-03-10 11:23:07,795 INFO c.z.h.HikariDataSource {getConnection} [main] HikariPool-1 - Starting...
2025-03-10 11:23:08,076 INFO c.z.h.p.HikariPool {checkFailFast} [main] HikariPool-1 - Added connection conn0: url=jdbc:h2:file:~/users.db user=SA
2025-03-10 11:23:08,078 INFO c.z.h.HikariDataSource {getConnection} [main] HikariPool-1 - Start completed.
2025-03-10 11:23:08,091 INFO o.s.b.a.h.H2ConsoleAutoConfiguration {logDataSources} [main] H2 console available at '/h2-console'. Database available at 'jdbc:h2:file:~/users.db'
2025-03-10 11:23:08,225 INFO o.h.j.i.u.LogHelper {logPersistenceUnitInformation} [main] HHH000204: Processing PersistenceUnitInfo [name: default]
2025-03-10 11:23:08,295 INFO o.h.Version {logVersion} [main] HHH000412: Hibernate ORM core version 6.6.2.Final
2025-03-10 11:23:08,343 INFO o.h.c.i.RegionFactoryInitiator {initiateService} [main] HHH000026: Second-level cache disabled
2025-03-10 11:23:08,680 INFO o.s.o.j.p.SpringPersistenceUnitInfo {addTransformer} [main] No LoadTimeWeaver setup: ignoring JPA class transformer
2025-03-10 11:23:08,740 WARN o.h.e.j.d.i.DialectFactoryImpl {constructDialect} [main] HHH90000025: H2Dialect does not need to be specified explicitly using 'hibernate.dialect' (remove the property setting and it will be selected by default)
2025-03-10 11:23:08,757 INFO o.h.e.j.e.i.JdbcEnvironmentInitiator {initiateService} [main] HHH10001005: Database info:
	Database JDBC URL [Connecting through datasource 'HikariDataSource (HikariPool-1)']
	Database driver: undefined/unknown
	Database version: 2.3.232
	Autocommit mode: undefined/unknown
	Isolation level: undefined/unknown
	Minimum pool size: undefined/unknown
	Maximum pool size: undefined/unknown
2025-03-10 11:23:09,795 INFO o.h.e.t.j.p.i.JtaPlatformInitiator {initiateService} [main] HHH000489: No JTA platform available (set 'hibernate.transaction.jta.platform' to enable JTA platform integration)
2025-03-10 11:23:09,861 INFO o.s.o.j.AbstractEntityManagerFactoryBean {buildNativeEntityManagerFactory} [main] Initialized JPA EntityManagerFactory for persistence unit 'default'
2025-03-10 11:23:10,336 WARN o.s.b.a.o.j.JpaBaseConfiguration$JpaWebConfiguration {openEntityManagerInViewInterceptor} [main] spring.jpa.open-in-view is enabled by default. Therefore, database queries may be performed during view rendering. Explicitly configure spring.jpa.open-in-view to disable this warning
2025-03-10 11:23:10,715 INFO o.a.j.l.DirectJDKLog {log} [main] Starting ProtocolHandler ["http-nio-8080"]
2025-03-10 11:23:10,752 INFO o.s.b.w.e.t.TomcatWebServer {start} [main] Tomcat started on port 8080 (http) with context path '/'
2025-03-10 11:23:10,760 INFO o.s.b.StartupInfoLogger {logStarted} [main] Started ApieventsApplication in 5.004 seconds (process running for 5.37)
2025-03-10 11:23:37,616 INFO o.a.j.l.DirectJDKLog {log} [http-nio-8080-exec-1] Initializing Spring DispatcherServlet 'dispatcherServlet'
2025-03-10 11:23:37,619 INFO o.s.w.s.FrameworkServlet {initServletBean} [http-nio-8080-exec-1] Initializing Servlet 'dispatcherServlet'
2025-03-10 11:23:37,627 INFO o.s.w.s.FrameworkServlet {initServletBean} [http-nio-8080-exec-1] Completed initialization in 8 ms
2025-03-10 11:23:37,710 INFO c.s.a.c.EventController {getAllEvents} [http-nio-8080-exec-2] BEGIN getAllEvents
2025-03-10 11:23:37,710 INFO c.s.a.c.EventController {getAllEvents} [http-nio-8080-exec-1] BEGIN getAllEvents
2025-03-10 11:23:38,002 INFO c.s.a.c.EventController {getAllEvents} [http-nio-8080-exec-2] END getAllEvents - Total events fetched: 12
2025-03-10 11:23:38,002 INFO c.s.a.c.EventController {getAllEvents} [http-nio-8080-exec-1] END getAllEvents - Total events fetched: 12
2025-03-10 11:24:14,672 INFO c.s.a.c.EventController {addEvent} [http-nio-8080-exec-3] BEGIN addEvent - Adding new event: Prueba Android
2025-03-10 11:24:15,233 INFO c.s.a.c.EventController {addEvent} [http-nio-8080-exec-3] END addEvent - Event added with ID: 3
2025-03-10 11:24:29,840 INFO c.s.a.c.EventController {getAllEvents} [http-nio-8080-exec-4] BEGIN getAllEvents
2025-03-10 11:24:29,857 INFO c.s.a.c.EventController {getAllEvents} [http-nio-8080-exec-4] END getAllEvents - Total events fetched: 12
2025-03-10 11:24:34,852 INFO c.s.a.c.EventController {getAllEvents} [http-nio-8080-exec-5] BEGIN getAllEvents
2025-03-10 11:24:34,857 INFO c.s.a.c.EventController {getAllEvents} [http-nio-8080-exec-5] END getAllEvents - Total events fetched: 12
2025-03-10 11:24:34,871 INFO c.s.a.c.EventController {getAllEvents} [http-nio-8080-exec-6] BEGIN getAllEvents
2025-03-10 11:24:34,879 INFO c.s.a.c.EventController {getAllEvents} [http-nio-8080-exec-6] END getAllEvents - Total events fetched: 12
2025-03-10 11:26:32,636 INFO c.s.a.c.EventController {getAllEvents} [http-nio-8080-exec-3] BEGIN getAllEvents
2025-03-10 11:26:32,642 INFO c.s.a.c.EventController {getAllEvents} [http-nio-8080-exec-3] END getAllEvents - Total events fetched: 12
2025-03-10 11:26:32,668 INFO c.s.a.c.EventController {getAllEvents} [http-nio-8080-exec-4] BEGIN getAllEvents
2025-03-10 11:26:32,674 INFO c.s.a.c.EventController {getAllEvents} [http-nio-8080-exec-4] END getAllEvents - Total events fetched: 12
2025-03-10 11:26:55,015 INFO c.s.a.c.EventController {getAllEvents} [http-nio-8080-exec-7] BEGIN getAllEvents
2025-03-10 11:26:55,015 INFO c.s.a.c.EventController {getAllEvents} [http-nio-8080-exec-8] BEGIN getAllEvents
2025-03-10 11:26:55,069 INFO c.s.a.c.EventController {getAllEvents} [http-nio-8080-exec-7] END getAllEvents - Total events fetched: 12
2025-03-10 11:26:55,070 INFO c.s.a.c.EventController {getAllEvents} [http-nio-8080-exec-8] END getAllEvents - Total events fetched: 12
2025-03-10 11:27:02,576 INFO c.s.a.c.EventController {getAllEvents} [http-nio-8080-exec-9] BEGIN getAllEvents
2025-03-10 11:27:02,585 INFO c.s.a.c.EventController {getAllEvents} [http-nio-8080-exec-9] END getAllEvents - Total events fetched: 12
2025-03-10 11:27:06,972 INFO c.s.a.c.EventController {getAllEvents} [http-nio-8080-exec-10] BEGIN getAllEvents
2025-03-10 11:27:07,030 INFO c.s.a.c.EventController {getAllEvents} [http-nio-8080-exec-10] END getAllEvents - Total events fetched: 12
2025-03-10 11:28:29,114 INFO c.s.a.c.EventController {getAllEvents} [http-nio-8080-exec-6] BEGIN getAllEvents
2025-03-10 11:28:29,158 INFO c.s.a.c.EventController {getAllEvents} [http-nio-8080-exec-6] END getAllEvents - Total events fetched: 12
2025-03-10 11:34:33,529 INFO c.s.a.c.EventController {getAllEvents} [http-nio-8080-exec-7] BEGIN getAllEvents
2025-03-10 11:34:33,528 INFO c.s.a.c.EventController {getAllEvents} [http-nio-8080-exec-9] BEGIN getAllEvents
2025-03-10 11:34:33,740 INFO c.s.a.c.EventController {getAllEvents} [http-nio-8080-exec-7] END getAllEvents - Total events fetched: 12
2025-03-10 11:34:33,740 INFO c.s.a.c.EventController {getAllEvents} [http-nio-8080-exec-9] END getAllEvents - Total events fetched: 12
2025-03-10 12:40:35,609 WARN c.z.h.p.HikariPool$HouseKeeper {run} [HikariPool-1 housekeeper] HikariPool-1 - Thread starvation or clock leap detected (housekeeper delta=15m56s647ms).
2025-03-10 12:45:25,795 INFO c.s.a.c.EventController {getAllEvents} [http-nio-8080-exec-1] BEGIN getAllEvents
2025-03-10 12:45:25,795 INFO c.s.a.c.EventController {getAllEvents} [http-nio-8080-exec-3] BEGIN getAllEvents
2025-03-10 12:45:26,445 INFO c.s.a.c.EventController {getAllEvents} [http-nio-8080-exec-3] END getAllEvents - Total events fetched: 12
2025-03-10 12:45:26,445 INFO c.s.a.c.EventController {getAllEvents} [http-nio-8080-exec-1] END getAllEvents - Total events fetched: 12
2025-03-10 12:46:03,509 INFO c.s.a.c.EventController {getAllEvents} [http-nio-8080-exec-4] BEGIN getAllEvents
2025-03-10 12:46:03,567 INFO c.s.a.c.EventController {getAllEvents} [http-nio-8080-exec-4] END getAllEvents - Total events fetched: 12
2025-03-10 12:47:15,307 INFO c.s.a.c.EventController {getAllEvents} [http-nio-8080-exec-7] BEGIN getAllEvents
2025-03-10 12:47:15,321 INFO c.s.a.c.EventController {getAllEvents} [http-nio-8080-exec-7] END getAllEvents - Total events fetched: 12
2025-03-10 12:48:32,761 INFO c.s.a.c.EventController {getAllEvents} [http-nio-8080-exec-10] BEGIN getAllEvents
2025-03-10 12:48:32,777 INFO c.s.a.c.EventController {getAllEvents} [http-nio-8080-exec-10] END getAllEvents - Total events fetched: 12
2025-03-10 12:49:13,348 INFO o.s.b.w.e.t.GracefulShutdown {shutDownGracefully} [SpringApplicationShutdownHook] Commencing graceful shutdown. Waiting for active requests to complete
2025-03-10 12:49:14,473 INFO o.s.b.w.e.t.GracefulShutdown {doShutdown} [tomcat-shutdown] Graceful shutdown complete
2025-03-10 12:49:14,585 INFO o.s.o.j.AbstractEntityManagerFactoryBean {destroy} [SpringApplicationShutdownHook] Closing JPA EntityManagerFactory for persistence unit 'default'
2025-03-10 12:49:14,876 INFO c.z.h.HikariDataSource {close} [SpringApplicationShutdownHook] HikariPool-1 - Shutdown initiated...
2025-03-10 12:49:15,030 INFO c.z.h.HikariDataSource {close} [SpringApplicationShutdownHook] HikariPool-1 - Shutdown completed.
