2025-02-01 10:30:37,167 INFO o.s.b.StartupInfoLogger {logStarting} [main] Starting ApieventsApplication using Java 23.0.2 with PID 1868 (/Users/lauraindia/Desktop/DAM/AccesoDatos/apievents/target/classes started by lauraindia in /Users/lauraindia/Desktop/DAM/AccesoDatos/apievents)
2025-02-01 10:30:37,174 INFO o.s.b.SpringApplication {logStartupProfileInfo} [main] No active profile set, falling back to 1 default profile: "default"
2025-02-01 10:30:37,851 INFO o.s.d.r.c.RepositoryConfigurationDelegate {registerRepositoriesIn} [main] Bootstrapping Spring Data JPA repositories in DEFAULT mode.
2025-02-01 10:30:37,932 INFO o.s.d.r.c.RepositoryConfigurationDelegate {registerRepositoriesIn} [main] Finished Spring Data repository scanning in 60 ms. Found 5 JPA repository interfaces.
2025-02-01 10:30:38,537 INFO o.s.b.w.e.t.TomcatWebServer {initialize} [main] Tomcat initialized with port 8080 (http)
2025-02-01 10:30:38,555 INFO o.a.j.l.DirectJDKLog {log} [main] Initializing ProtocolHandler ["http-nio-8080"]
2025-02-01 10:30:38,560 INFO o.a.j.l.DirectJDKLog {log} [main] Starting service [Tomcat]
2025-02-01 10:30:38,560 INFO o.a.j.l.DirectJDKLog {log} [main] Starting Servlet engine: [Apache Tomcat/10.1.33]
2025-02-01 10:30:38,634 INFO o.a.j.l.DirectJDKLog {log} [main] Initializing Spring embedded WebApplicationContext
2025-02-01 10:30:38,635 INFO o.s.b.w.s.c.ServletWebServerApplicationContext {prepareWebApplicationContext} [main] Root WebApplicationContext: initialization completed in 1411 ms
2025-02-01 10:30:38,667 INFO c.z.h.HikariDataSource {getConnection} [main] HikariPool-1 - Starting...
2025-02-01 10:30:38,968 INFO c.z.h.p.HikariPool {checkFailFast} [main] HikariPool-1 - Added connection conn0: url=jdbc:h2:file:~/users.db user=SA
2025-02-01 10:30:38,970 INFO c.z.h.HikariDataSource {getConnection} [main] HikariPool-1 - Start completed.
2025-02-01 10:30:38,982 INFO o.s.b.a.h.H2ConsoleAutoConfiguration {logDataSources} [main] H2 console available at '/h2-console'. Database available at 'jdbc:h2:file:~/users.db'
2025-02-01 10:30:39,127 INFO o.h.j.i.u.LogHelper {logPersistenceUnitInformation} [main] HHH000204: Processing PersistenceUnitInfo [name: default]
2025-02-01 10:30:39,209 INFO o.h.Version {logVersion} [main] HHH000412: Hibernate ORM core version 6.6.2.Final
2025-02-01 10:30:39,249 INFO o.h.c.i.RegionFactoryInitiator {initiateService} [main] HHH000026: Second-level cache disabled
2025-02-01 10:30:39,667 INFO o.s.o.j.p.SpringPersistenceUnitInfo {addTransformer} [main] No LoadTimeWeaver setup: ignoring JPA class transformer
2025-02-01 10:30:39,730 WARN o.h.e.j.d.i.DialectFactoryImpl {constructDialect} [main] HHH90000025: H2Dialect does not need to be specified explicitly using 'hibernate.dialect' (remove the property setting and it will be selected by default)
2025-02-01 10:30:39,751 INFO o.h.e.j.e.i.JdbcEnvironmentInitiator {initiateService} [main] HHH10001005: Database info:
	Database JDBC URL [Connecting through datasource 'HikariDataSource (HikariPool-1)']
	Database driver: undefined/unknown
	Database version: 2.3.232
	Autocommit mode: undefined/unknown
	Isolation level: undefined/unknown
	Minimum pool size: undefined/unknown
	Maximum pool size: undefined/unknown
2025-02-01 10:30:40,858 INFO o.h.e.t.j.p.i.JtaPlatformInitiator {initiateService} [main] HHH000489: No JTA platform available (set 'hibernate.transaction.jta.platform' to enable JTA platform integration)
2025-02-01 10:30:40,923 INFO o.s.o.j.AbstractEntityManagerFactoryBean {buildNativeEntityManagerFactory} [main] Initialized JPA EntityManagerFactory for persistence unit 'default'
2025-02-01 10:30:41,388 WARN o.s.b.a.o.j.JpaBaseConfiguration$JpaWebConfiguration {openEntityManagerInViewInterceptor} [main] spring.jpa.open-in-view is enabled by default. Therefore, database queries may be performed during view rendering. Explicitly configure spring.jpa.open-in-view to disable this warning
2025-02-01 10:30:41,796 INFO o.a.j.l.DirectJDKLog {log} [main] Starting ProtocolHandler ["http-nio-8080"]
2025-02-01 10:30:41,837 INFO o.s.b.w.e.t.TomcatWebServer {start} [main] Tomcat started on port 8080 (http) with context path '/'
2025-02-01 10:30:41,845 INFO o.s.b.StartupInfoLogger {logStarted} [main] Started ApieventsApplication in 5.306 seconds (process running for 5.714)
2025-02-01 10:32:33,655 INFO o.a.j.l.DirectJDKLog {log} [http-nio-8080-exec-1] Initializing Spring DispatcherServlet 'dispatcherServlet'
2025-02-01 10:32:33,656 INFO o.s.w.s.FrameworkServlet {initServletBean} [http-nio-8080-exec-1] Initializing Servlet 'dispatcherServlet'
2025-02-01 10:32:33,657 INFO o.s.w.s.FrameworkServlet {initServletBean} [http-nio-8080-exec-1] Completed initialization in 1 ms
2025-02-01 10:32:33,708 INFO c.s.a.c.EventController {getAllEvents} [http-nio-8080-exec-1] BEGIN getAllEvents
2025-02-01 10:32:33,892 INFO c.s.a.c.EventController {getAllEvents} [http-nio-8080-exec-1] END getAllEvents - Total events fetched: 6
2025-02-01 10:36:19,755 INFO c.s.a.c.PaymentController {getAllPayments} [http-nio-8080-exec-5] BEGIN getAllPayments
2025-02-01 10:36:19,817 INFO c.s.a.c.PaymentController {getAllPayments} [http-nio-8080-exec-5] END getAllPayments - Total payments fetched: 2
2025-02-01 10:37:45,198 INFO o.s.b.w.e.t.GracefulShutdown {shutDownGracefully} [SpringApplicationShutdownHook] Commencing graceful shutdown. Waiting for active requests to complete
2025-02-01 10:37:45,241 INFO o.s.b.w.e.t.GracefulShutdown {doShutdown} [tomcat-shutdown] Graceful shutdown complete
2025-02-01 10:37:45,250 INFO o.s.o.j.AbstractEntityManagerFactoryBean {destroy} [SpringApplicationShutdownHook] Closing JPA EntityManagerFactory for persistence unit 'default'
2025-02-01 10:37:45,260 INFO c.z.h.HikariDataSource {close} [SpringApplicationShutdownHook] HikariPool-1 - Shutdown initiated...
2025-02-01 10:37:45,264 INFO c.z.h.HikariDataSource {close} [SpringApplicationShutdownHook] HikariPool-1 - Shutdown completed.
